 
:: initializing oneAPI environment ...
   slurm_script: BASH_VERSION = 4.2.46(1)-release
   args: Using "$@" for setvars.sh arguments: --force
:: advisor -- latest
:: ccl -- latest
:: clck -- latest
:: compiler -- latest
:: dal -- latest
:: debugger -- latest
:: dev-utilities -- latest
:: dnnl -- latest
:: dpcpp-ct -- latest
:: dpl -- latest
:: inspector -- latest
:: intelpython -- latest
:: ipp -- latest
:: ippcp -- latest
:: ipp -- latest
:: itac -- latest
:: mkl -- latest
:: mpi -- latest
:: tbb -- latest
:: vpl -- latest
:: vtune -- latest
:: oneAPI environment initialized ::
 


####################
m        = n2
basis    = sto-3g
dir_path = ./data/
h5_path  = ./data/n2-sto-3g.h5
is_scf   = False

Singular values = 
 1.6475e+01,  1.7320e+00,  1.4551e+00,  1.7691e-01,  4.8176e-02
 3.5679e-02,  2.8618e-02,  2.5847e-02,  5.2882e-03,  4.6442e-03
 3.4115e-03,  2.8690e-03,  2.4174e-03,  2.3971e-03,  8.6365e-04
 1.7511e-04,  1.5019e-04,  1.2778e-04,  5.3703e-05,  2.9988e-07


Singular values = 
 1.9761e+01,  7.8685e-01,  5.4885e-01,  6.8914e-03,  6.6998e-03
 2.9497e-03,  2.1094e-03,  7.2388e-04,  6.9253e-04,  2.6809e-04
 2.1280e-04,  1.8567e-04,  1.5551e-04,  1.4672e-04,  1.0577e-04
 9.8481e-05,  6.8543e-05,  5.9733e-05,  8.2899e-06,  2.7972e-08


Singular values = 
 1.7924e+01,  1.1608e+00,  8.8772e-01,  3.2946e-02,  1.6754e-02
 8.4016e-03,  2.1513e-03,  1.5026e-03,  1.2492e-03,  5.2562e-04
 4.7625e-04,  4.3230e-04,  3.8224e-04,  2.6588e-04,  2.2473e-04
 1.3954e-04,  8.8000e-05,  3.2748e-05,  2.3466e-05,  8.6682e-08

tol = 1.0000e-02, trunc_err = 8.9453e-03: 20 -> 5
0.8000,  -139.178412,  -139.125025,  -139.174018,  -139.164868

Singular values = 
 1.5811e+01,  2.0047e+00,  1.6976e+00,  2.4974e-01,  7.0551e-02
 5.2514e-02,  3.7868e-02,  3.6750e-02,  9.2084e-03,  8.2455e-03
 5.9591e-03,  4.5255e-03,  4.3890e-03,  3.7761e-03,  1.8844e-03
 3.9551e-04,  3.5171e-04,  2.4192e-04,  2.5431e-05,  2.1216e-07


Singular values = 
 1.9357e+01,  1.0498e+00,  7.4747e-01,  1.9658e-02,  1.1914e-02
 4.5444e-03,  3.5850e-03,  8.4754e-04,  7.8725e-04,  4.7689e-04
 3.7091e-04,  2.8481e-04,  2.8158e-04,  2.2697e-04,  1.0897e-04
 1.0882e-04,  9.9092e-05,  9.1489e-05,  3.8128e-06,  1.3377e-08


Singular values = 
 1.7362e+01,  1.4425e+00,  1.1190e+00,  6.8106e-02,  2.7209e-02
 1.1803e-02,  2.7837e-03,  2.0112e-03,  1.9608e-03,  1.8259e-03
 8.2202e-04,  3.9852e-04,  3.8855e-04,  2.7692e-04,  2.7004e-04
 2.6299e-04,  1.5173e-04,  1.2579e-04,  1.8722e-05,  4.9538e-08

tol = 1.0000e-02, trunc_err = 4.4962e-03: 20 -> 6
0.8550,  -137.426302,  -137.367987,  -137.421082,  -137.411718

Singular values = 
 8.8626e+00,  1.5820e+00,  1.5820e+00,  1.5820e+00,  1.5820e+00
 1.3553e+00,  1.2313e+00,  4.1802e-01,  4.1802e-01,  4.1802e-01
 4.1802e-01,  3.3978e-01,  1.0191e-01,  7.4505e-02,  1.5540e-02
 1.4185e-02,  3.9100e-03,  8.5960e-04,  6.2555e-06,  7.2131e-08


Singular values = 
 1.1175e+01,  2.0153e+00,  2.0153e+00,  1.8220e+00,  1.8220e+00
 8.6968e-01,  6.8108e-01,  2.3352e-01,  2.3352e-01,  2.0192e-01
 2.0192e-01,  4.5790e-02,  2.0540e-02,  6.3534e-03,  4.8935e-04
 4.2726e-04,  3.5131e-04,  1.9794e-04,  1.6958e-06,  3.1990e-09

tol = 1.0000e-08, trunc_err = 3.1990e-09: 20 -> 19

Singular values = 
 9.8672e+00,  1.7544e+00,  1.7544e+00,  1.6665e+00,  1.6665e+00
 1.0783e+00,  9.0804e-01,  3.0084e-01,  3.0084e-01,  2.7828e-01
 2.7828e-01,  1.2264e-01,  4.3151e-02,  6.0527e-03,  1.6724e-03
 1.2540e-03,  7.0871e-04,  5.2043e-04,  3.1919e-06,  1.2722e-08

tol = 1.0000e-02, trunc_err = 6.4636e-03: 20 -> 13
0.9100,  -135.822552,  -135.759410,  -135.816510,  -135.806996

Singular values = 
 8.4049e+00,  1.5209e+00,  1.5209e+00,  1.5209e+00,  1.5209e+00
 1.4780e+00,  1.3645e+00,  4.7913e-01,  4.7913e-01,  4.7913e-01
 4.7913e-01,  4.4615e-01,  1.4470e-01,  1.0341e-01,  2.5353e-02
 2.3531e-02,  7.6762e-03,  1.7837e-03,  3.1277e-07,  5.3940e-09

tol = 1.0000e-08, trunc_err = 5.3940e-09: 20 -> 19

Singular values = 
 1.0761e+01,  1.9484e+00,  1.9484e+00,  1.7692e+00,  1.7692e+00
 1.0639e+00,  8.6485e-01,  2.9319e-01,  2.9319e-01,  2.5555e-01
 2.5555e-01,  9.1902e-02,  3.4281e-02,  1.1600e-02,  1.1717e-03
 7.9361e-04,  7.1898e-04,  3.6625e-04,  9.7675e-08,  1.4195e-10

tol = 1.0000e-08, trunc_err = 1.4195e-10: 20 -> 19

Singular values = 
 9.4175e+00,  1.6904e+00,  1.6904e+00,  1.6089e+00,  1.6089e+00
 1.2451e+00,  1.0767e+00,  3.6297e-01,  3.6297e-01,  3.3778e-01
 3.3778e-01,  2.0022e-01,  6.6676e-02,  1.5194e-02,  4.6754e-03
 3.1217e-03,  1.5487e-03,  9.0974e-04,  1.7124e-07,  5.8420e-10

tol = 1.0000e-02, trunc_err = 5.9018e-03: 20 -> 14
0.9650,  -134.351778,  -134.284037,  -134.344865,  -134.263818

Singular values = 
 4.1792e+00,  1.9504e+00,  1.9504e+00,  1.5793e+00,  1.4802e+00
 1.4592e+00,  1.4592e+00,  1.4592e+00,  1.4592e+00,  5.6350e-01
 5.4077e-01,  5.4077e-01,  5.4077e-01,  5.4077e-01,  1.0584e-01
 4.9578e-02,  4.9578e-02,  3.9924e-02,  3.7649e-02,  1.4310e-02


Singular values = 
 6.0955e+00,  2.0166e+00,  2.0106e+00,  1.8708e+00,  1.8708e+00
 1.7059e+00,  1.7059e+00,  1.2559e+00,  1.0594e+00,  3.6103e-01
 3.6103e-01,  3.1764e-01,  3.1764e-01,  1.6066e-01,  3.6812e-02
 7.9876e-03,  7.9634e-03,  3.2080e-03,  2.2699e-03,  2.0277e-04


Singular values = 
 4.9916e+00,  1.9804e+00,  1.9763e+00,  1.6215e+00,  1.6215e+00
 1.5465e+00,  1.5465e+00,  1.3981e+00,  1.2408e+00,  4.2972e-01
 4.2972e-01,  4.0227e-01,  4.0227e-01,  2.9923e-01,  5.9670e-02
 1.9634e-02,  1.9446e-02,  1.0368e-02,  8.0666e-03,  1.2480e-03

tol = 1.0000e-02, trunc_err = 8.1626e-03: 20 -> 18
1.0200,  -133.000850,  -132.929054,  -132.990228,  -132.976648

Singular values = 
 3.7978e+00,  1.9291e+00,  1.9291e+00,  1.6560e+00,  1.5733e+00
 1.3988e+00,  1.3988e+00,  1.3988e+00,  1.3988e+00,  6.9015e-01
 6.0116e-01,  6.0116e-01,  6.0116e-01,  6.0116e-01,  1.3895e-01
 7.0889e-02,  7.0889e-02,  6.0506e-02,  5.7892e-02,  2.5373e-02


Singular values = 
 5.5627e+00,  2.0157e+00,  2.0118e+00,  1.7857e+00,  1.7857e+00
 1.6350e+00,  1.6350e+00,  1.4331e+00,  1.2519e+00,  4.3476e-01
 4.3476e-01,  3.8612e-01,  3.8612e-01,  2.6100e-01,  5.4031e-02
 1.3716e-02,  1.3700e-02,  7.4310e-03,  5.8722e-03,  1.9293e-04


Singular values = 
 4.5419e+00,  1.9692e+00,  1.9660e+00,  1.5503e+00,  1.5503e+00
 1.5291e+00,  1.4815e+00,  1.4815e+00,  1.3903e+00,  4.9877e-01
 4.9877e-01,  4.6944e-01,  4.6944e-01,  4.2276e-01,  8.3090e-02
 3.0833e-02,  3.0633e-02,  2.0007e-02,  1.6967e-02,  7.0252e-04

tol = 1.0000e-02, trunc_err = 7.0252e-04: 20 -> 19
1.0750,  -131.758310,  -131.682102,  -131.745618,  -131.730320

Singular values = 
 3.4412e+00,  1.9012e+00,  1.9012e+00,  1.7065e+00,  1.6406e+00
 1.3413e+00,  1.3413e+00,  1.3413e+00,  1.3413e+00,  8.1743e-01
 6.5866e-01,  6.5866e-01,  6.5866e-01,  6.5866e-01,  1.7802e-01
 9.8838e-02,  9.8838e-02,  8.8197e-02,  8.5443e-02,  4.2553e-02


Singular values = 
 5.0285e+00,  2.0116e+00,  2.0088e+00,  1.6972e+00,  1.6972e+00
 1.5848e+00,  1.5597e+00,  1.5597e+00,  1.4285e+00,  5.1137e-01
 5.1137e-01,  4.5815e-01,  4.5815e-01,  3.8936e-01,  7.6209e-02
 2.2791e-02,  2.2779e-02,  1.5133e-02,  1.2955e-02,  1.0881e-03


Singular values = 
 4.1080e+00,  1.9530e+00,  1.9504e+00,  1.6325e+00,  1.5166e+00
 1.4794e+00,  1.4794e+00,  1.4163e+00,  1.4163e+00,  5.6754e-01
 5.6754e-01,  5.6260e-01,  5.3675e-01,  5.3675e-01,  1.1211e-01
 4.7019e-02,  4.6790e-02,  3.5052e-02,  3.1437e-02,  5.8336e-03

tol = 1.0000e-02, trunc_err = 5.8336e-03: 20 -> 19
1.1300,  -130.614001,  -130.534099,  -130.598695,  -130.581929

Singular values = 
 3.1144e+00,  1.8659e+00,  1.8659e+00,  1.7315e+00,  1.6811e+00
 1.2881e+00,  1.2881e+00,  1.2881e+00,  1.2881e+00,  9.3801e-01
 7.1195e-01,  7.1195e-01,  7.1195e-01,  7.1195e-01,  2.2268e-01
 1.3413e-01,  1.3413e-01,  1.2370e-01,  1.2107e-01,  6.7528e-02


Singular values = 
 4.5144e+00,  2.0026e+00,  2.0003e+00,  1.7040e+00,  1.6093e+00
 1.6093e+00,  1.5776e+00,  1.4837e+00,  1.4837e+00,  5.8764e-01
 5.8764e-01,  5.3942e-01,  5.3057e-01,  5.3057e-01,  1.0364e-01
 3.6547e-02,  3.6535e-02,  2.7813e-02,  2.5226e-02,  4.3152e-03


Singular values = 
 3.7016e+00,  1.9305e+00,  1.9282e+00,  1.7056e+00,  1.6136e+00
 1.4113e+00,  1.4113e+00,  1.3533e+00,  1.3533e+00,  7.0995e-01
 6.3362e-01,  6.3362e-01,  6.0175e-01,  6.0175e-01,  1.4682e-01
 6.9473e-02,  6.9202e-02,  5.6890e-02,  5.3046e-02,  1.6187e-02

1.1850,  -129.558818,  -129.476340,  -129.540468,  -129.522681

Singular values = 
 2.8198e+00,  1.8230e+00,  1.8230e+00,  1.7333e+00,  1.6960e+00
 1.2399e+00,  1.2399e+00,  1.2399e+00,  1.2399e+00,  1.0452e+00
 7.6010e-01,  7.6010e-01,  7.6010e-01,  7.6010e-01,  2.7218e-01
 1.7695e-01,  1.7695e-01,  1.6713e-01,  1.6491e-01,  1.0157e-01


Singular values = 
 4.0371e+00,  1.9866e+00,  1.9848e+00,  1.7880e+00,  1.6915e+00
 1.5255e+00,  1.5255e+00,  1.4106e+00,  1.4106e+00,  7.0062e-01
 6.6058e-01,  6.6058e-01,  6.0041e-01,  6.0041e-01,  1.3649e-01
 5.6441e-02,  5.6423e-02,  4.6998e-02,  4.4418e-02,  1.1976e-02


Singular values = 
 3.3306e+00,  1.9007e+00,  1.8986e+00,  1.7485e+00,  1.6788e+00
 1.3480e+00,  1.3480e+00,  1.2945e+00,  1.2945e+00,  8.5465e-01
 6.9503e-01,  6.9503e-01,  6.6242e-01,  6.6242e-01,  1.8710e-01
 9.9301e-02,  9.8973e-02,  8.6614e-02,  8.3017e-02,  3.3996e-02

1.2400,  -128.584548,  -128.500971,  -128.562974,  -128.544759

Singular values = 
 2.5577e+00,  1.7731e+00,  1.7731e+00,  1.7151e+00,  1.6882e+00
 1.1974e+00,  1.1974e+00,  1.1974e+00,  1.1974e+00,  1.1341e+00
 8.0262e-01,  8.0262e-01,  8.0262e-01,  8.0262e-01,  3.2542e-01
 2.2687e-01,  2.2687e-01,  2.1791e-01,  2.1633e-01,  1.4518e-01


Singular values = 
 3.6070e+00,  1.9620e+00,  1.9605e+00,  1.8373e+00,  1.7669e+00
 1.4487e+00,  1.4487e+00,  1.3427e+00,  1.3427e+00,  8.6021e-01
 7.2790e-01,  7.2790e-01,  6.6530e-01,  6.6530e-01,  1.7485e-01
 8.3820e-02,  8.3784e-02,  7.3987e-02,  7.1975e-02,  2.6550e-02


Singular values = 
 2.9990e+00,  1.8628e+00,  1.8610e+00,  1.7638e+00,  1.7128e+00
 1.2909e+00,  1.2909e+00,  1.2413e+00,  1.2413e+00,  9.8696e-01
 7.5041e-01,  7.5041e-01,  7.1733e-01,  7.1733e-01,  2.3257e-01
 1.3718e-01,  1.3678e-01,  1.2478e-01,  1.2195e-01,  6.1217e-02

1.2950,  -127.683763,  -127.600814,  -127.659135,  -127.641151

Singular values = 
 2.3273e+00,  1.7172e+00,  1.7172e+00,  1.6811e+00,  1.6620e+00
 1.2021e+00,  1.1606e+00,  1.1606e+00,  1.1606e+00,  1.1606e+00
 8.3940e-01,  8.3940e-01,  8.3940e-01,  8.3940e-01,  3.8104e-01
 2.8275e-01,  2.8275e-01,  2.7475e-01,  2.7399e-01,  1.9786e-01


Singular values = 
 3.2279e+00,  1.9274e+00,  1.9263e+00,  1.8549e+00,  1.8051e+00
 1.3804e+00,  1.3804e+00,  1.2819e+00,  1.2819e+00,  1.0058e+00
 7.8811e-01,  7.8811e-01,  7.2365e-01,  7.2365e-01,  2.1870e-01
 1.1963e-01,  1.1954e-01,  1.0958e-01,  1.0874e-01,  5.0341e-02


Singular values = 
 2.7072e+00,  1.8169e+00,  1.8152e+00,  1.7552e+00,  1.7188e+00
 1.2408e+00,  1.2408e+00,  1.1945e+00,  1.1945e+00,  1.0992e+00
 7.9905e-01,  7.9905e-01,  7.6572e-01,  7.6572e-01,  2.8259e-01
 1.8312e-01,  1.8262e-01,  1.7122e-01,  1.6963e-01,  9.9003e-02

1.3500,  -126.849746,  -126.769234,  -126.822616,  -126.805493

Singular values = 
 2.1264e+00,  1.6571e+00,  1.6571e+00,  1.6355e+00,  1.6219e+00
 1.2486e+00,  1.1294e+00,  1.1294e+00,  1.1294e+00,  1.1294e+00
 8.7065e-01,  8.7065e-01,  8.7065e-01,  8.7065e-01,  4.3761e-01
 3.4293e-01,  3.4293e-01,  3.3598e-01,  3.3585e-01,  2.5812e-01


Singular values = 
 2.8991e+00,  1.8825e+00,  1.8819e+00,  1.8454e+00,  1.8102e+00
 1.3212e+00,  1.3212e+00,  1.2289e+00,  1.2289e+00,  1.1278e+00
 8.4055e-01,  8.4055e-01,  7.7464e-01,  7.7464e-01,  2.6779e-01
 1.6411e-01,  1.6391e-01,  1.5471e-01,  1.5389e-01,  8.4828e-02


Singular values = 
 2.4535e+00,  1.7636e+00,  1.7621e+00,  1.7275e+00,  1.7014e+00
 1.1977e+00,  1.1977e+00,  1.1868e+00,  1.1541e+00,  1.1541e+00
 8.4080e-01,  8.4080e-01,  8.0736e-01,  8.0736e-01,  3.3628e-01
 2.3637e-01,  2.3574e-01,  2.2502e-01,  2.2500e-01,  1.4734e-01

1.4050,  -126.076437,  -126.000064,  -126.047684,  -126.031936

Singular values = 
 1.9525e+00,  1.5946e+00,  1.5946e+00,  1.5826e+00,  1.5727e+00
 1.2755e+00,  1.1032e+00,  1.1032e+00,  1.1032e+00,  1.1032e+00
 8.9676e-01,  8.9676e-01,  8.9676e-01,  8.9676e-01,  4.9372e-01
 4.0540e-01,  4.0540e-01,  4.0013e-01,  3.9913e-01,  3.2369e-01


Singular values = 
 2.6168e+00,  1.8280e+00,  1.8280e+00,  1.8139e+00,  1.7881e+00
 1.2712e+00,  1.2712e+00,  1.2203e+00,  1.1838e+00,  1.1838e+00
 8.8524e-01,  8.8524e-01,  8.1817e-01,  8.1817e-01,  3.2168e-01
 2.1667e-01,  2.1624e-01,  2.0902e-01,  2.0620e-01,  1.3020e-01


Singular values = 
 2.2347e+00,  1.7045e+00,  1.7032e+00,  1.6854e+00,  1.6661e+00
 1.2483e+00,  1.1615e+00,  1.1615e+00,  1.1201e+00,  1.1201e+00
 8.7595e-01,  8.7595e-01,  8.4249e-01,  8.4249e-01,  3.9253e-01
 2.9548e-01,  2.9466e-01,  2.8630e-01,  2.8462e-01,  2.0495e-01

1.4600,  -125.358392,  -125.287572,  -125.329088,  -125.315053

Singular values = 
 1.8030e+00,  1.5318e+00,  1.5318e+00,  1.5260e+00,  1.5184e+00
 1.2856e+00,  1.0817e+00,  1.0817e+00,  1.0817e+00,  1.0817e+00
 9.1829e-01,  9.1829e-01,  9.1829e-01,  9.1829e-01,  5.4817e-01
 4.6817e-01,  4.6817e-01,  4.6432e-01,  4.6257e-01,  3.9198e-01


Singular values = 
 2.3762e+00,  1.7664e+00,  1.7659e+00,  1.7655e+00,  1.7455e+00
 1.2815e+00,  1.2298e+00,  1.2298e+00,  1.1461e+00,  1.1461e+00
 9.2267e-01,  9.2267e-01,  8.5460e-01,  8.5460e-01,  3.7964e-01
 2.7591e-01,  2.7505e-01,  2.7000e-01,  2.6512e-01,  1.8522e-01


Singular values = 
 2.0470e+00,  1.6415e+00,  1.6405e+00,  1.6334e+00,  1.6184e+00
 1.2851e+00,  1.1315e+00,  1.1315e+00,  1.0919e+00,  1.0919e+00
 9.0507e-01,  9.0507e-01,  8.7161e-01,  8.7161e-01,  4.5017e-01
 3.5847e-01,  3.5739e-01,  3.5137e-01,  3.4802e-01,  2.6956e-01

1.5150,  -124.690747,  -124.626459,  -124.661971,  -124.649795

Singular values = 
 1.6749e+00,  1.4706e+00,  1.4706e+00,  1.4685e+00,  1.4625e+00
 1.2825e+00,  1.0659e+00,  1.0659e+00,  1.0659e+00,  1.0659e+00
 9.3414e-01,  9.3414e-01,  9.3414e-01,  9.3414e-01,  6.0003e-01
 5.2944e-01,  5.2944e-01,  5.2673e-01,  5.2436e-01,  4.6043e-01


Singular values = 
 2.1875e+00,  1.7113e+00,  1.7060e+00,  1.7030e+00,  1.6937e+00
 1.3142e+00,  1.1766e+00,  1.1676e+00,  1.0644e+00,  1.0500e+00
 9.6076e-01,  9.4437e-01,  8.4853e-01,  8.3717e-01,  4.3927e-01
 3.3386e-01,  3.3057e-01,  3.2969e-01,  3.2448e-01,  2.4382e-01


Singular values = 
 1.8908e+00,  1.5793e+00,  1.5775e+00,  1.5771e+00,  1.5648e+00
 1.3004e+00,  1.1174e+00,  1.1135e+00,  1.0606e+00,  1.0563e+00
 9.4193e-01,  9.3835e-01,  8.8761e-01,  8.8395e-01,  5.0780e-01
 4.2105e-01,  4.1889e-01,  4.1612e-01,  4.1153e-01,  3.3644e-01

1.5700,  -124.069166,  -124.018466,  -124.044980,  -124.036001

Singular values = 
 1.5658e+00,  1.4125e+00,  1.4122e+00,  1.4122e+00,  1.4074e+00
 1.2698e+00,  1.0517e+00,  1.0517e+00,  1.0517e+00,  1.0517e+00
 9.4831e-01,  9.4831e-01,  9.4831e-01,  9.4831e-01,  6.4861e-01
 5.8776e-01,  5.8776e-01,  5.8591e-01,  5.8311e-01,  5.2682e-01


Singular values = 
 2.0187e+00,  1.6466e+00,  1.6360e+00,  1.6326e+00,  1.6301e+00
 1.3206e+00,  1.1506e+00,  1.1396e+00,  1.0408e+00,  1.0245e+00
 9.8771e-01,  9.6898e-01,  8.7244e-01,  8.5862e-01,  5.0118e-01
 3.9866e-01,  3.9686e-01,  3.9267e-01,  3.8950e-01,  3.0999e-01


Singular values = 
 1.7554e+00,  1.5173e+00,  1.5152e+00,  1.5134e+00,  1.5065e+00
 1.2982e+00,  1.0981e+00,  1.0936e+00,  1.0421e+00,  1.0372e+00
 9.6223e-01,  9.5785e-01,  9.0674e-01,  9.0227e-01,  5.6461e-01
 4.8499e-01,  4.8203e-01,  4.8157e-01,  4.7595e-01,  4.0613e-01

1.6250,  -123.489783,  -123.447636,  -123.468817,  -123.461734

Singular values = 
 1.4731e+00,  1.3595e+00,  1.3579e+00,  1.3579e+00,  1.3550e+00
 1.2507e+00,  1.0404e+00,  1.0404e+00,  1.0404e+00,  1.0404e+00
 9.5963e-01,  9.5963e-01,  9.5963e-01,  9.5963e-01,  6.9351e-01
 6.4211e-01,  6.4211e-01,  6.4088e-01,  6.3782e-01,  5.8948e-01


Singular values = 
 1.8777e+00,  1.5793e+00,  1.5660e+00,  1.5632e+00,  1.5623e+00
 1.3070e+00,  1.1299e+00,  1.1165e+00,  1.0227e+00,  1.0101e+00
 1.0038e+00,  9.8864e-01,  8.9218e-01,  8.7538e-01,  5.6312e-01
 4.6329e-01,  4.6271e-01,  4.5523e-01,  4.5469e-01,  3.7743e-01


Singular values = 
 1.6410e+00,  1.4579e+00,  1.4533e+00,  1.4515e+00,  1.4480e+00
 1.2829e+00,  1.0827e+00,  1.0774e+00,  1.0276e+00,  1.0217e+00
 9.7873e-01,  9.7342e-01,  9.2221e-01,  9.1677e-01,  6.1951e-01
 5.4670e-01,  5.4448e-01,  5.4277e-01,  5.3825e-01,  4.7438e-01

1.6800,  -122.949118,  -122.915060,  -122.931754,  -122.926295

Singular values = 
 1.3945e+00,  1.3105e+00,  1.3082e+00,  1.3082e+00,  1.3065e+00
 1.2279e+00,  1.0314e+00,  1.0314e+00,  1.0314e+00,  1.0314e+00
 9.6862e-01,  9.6862e-01,  9.6862e-01,  9.6862e-01,  7.3449e-01
 6.9184e-01,  6.9184e-01,  6.9105e-01,  6.8788e-01,  6.4723e-01


Singular values = 
 1.7605e+00,  1.5129e+00,  1.4983e+00,  1.4969e+00,  1.4944e+00
 1.2790e+00,  1.1136e+00,  1.0973e+00,  1.0289e+00,  1.0091e+00
 1.0042e+00,  9.8706e-01,  9.0859e-01,  8.8820e-01,  6.2348e-01
 5.2607e-01,  5.2566e-01,  5.1805e-01,  5.1562e-01,  4.4330e-01


Singular values = 
 1.5450e+00,  1.4009e+00,  1.3950e+00,  1.3933e+00,  1.3917e+00
 1.2585e+00,  1.0705e+00,  1.0643e+00,  1.0162e+00,  1.0093e+00
 9.9216e-01,  9.8574e-01,  9.3470e-01,  9.2808e-01,  6.7166e-01
 6.0478e-01,  6.0348e-01,  5.9974e-01,  5.9707e-01,  5.3904e-01

1.7350,  -122.443995,  -122.417164,  -122.430208,  -122.426070

Singular values = 
 1.3281e+00,  1.2660e+00,  1.2634e+00,  1.2634e+00,  1.2624e+00
 1.2034e+00,  1.0243e+00,  1.0243e+00,  1.0243e+00,  1.0243e+00
 9.7570e-01,  9.7570e-01,  9.7570e-01,  9.7570e-01,  7.7147e-01
 7.3664e-01,  7.3664e-01,  7.3613e-01,  7.3300e-01,  6.9944e-01


Singular values = 
 1.6634e+00,  1.4500e+00,  1.4348e+00,  1.4338e+00,  1.4307e+00
 1.2423e+00,  1.1008e+00,  1.0810e+00,  1.0447e+00,  1.0164e+00
 9.9929e-01,  9.7343e-01,  9.2246e-01,  8.9775e-01,  6.8073e-01
 5.8528e-01,  5.8408e-01,  5.7795e-01,  5.7250e-01,  5.0537e-01


Singular values = 
 1.4649e+00,  1.3477e+00,  1.3413e+00,  1.3397e+00,  1.3391e+00
 1.2287e+00,  1.0610e+00,  1.0535e+00,  1.0076e+00,  1.0031e+00
 9.9932e-01,  9.9544e-01,  9.4482e-01,  9.3678e-01,  7.2032e-01
 6.5821e-01,  6.5760e-01,  6.5207e-01,  6.5141e-01,  5.9855e-01

1.7900,  -121.971468,  -121.950777,  -121.960918,  -121.957814

Singular values = 
 1.2721e+00,  1.2263e+00,  1.2236e+00,  1.2236e+00,  1.2230e+00
 1.1790e+00,  1.0187e+00,  1.0187e+00,  1.0187e+00,  1.0187e+00
 9.8125e-01,  9.8125e-01,  9.8125e-01,  9.8125e-01,  8.0451e-01
 7.7644e-01,  7.7644e-01,  7.7613e-01,  7.7312e-01,  7.4586e-01


Singular values = 
 1.5832e+00,  1.3924e+00,  1.3766e+00,  1.3756e+00,  1.3725e+00
 1.2015e+00,  1.0908e+00,  1.0670e+00,  1.0580e+00,  1.0260e+00
 9.9277e-01,  9.6221e-01,  9.3447e-01,  9.0459e-01,  7.3355e-01
 6.3915e-01,  6.3730e-01,  6.3312e-01,  6.2495e-01,  5.6211e-01


Singular values = 
 1.3984e+00,  1.2993e+00,  1.2927e+00,  1.2912e+00,  1.2912e+00
 1.1962e+00,  1.0535e+00,  1.0446e+00,  1.0122e+00,  1.0030e+00
 1.0012e+00,  9.9130e-01,  9.5310e-01,  9.4335e-01,  7.6491e-01
 7.0637e-01,  7.0628e-01,  7.0063e-01,  6.9932e-01,  6.5198e-01

1.8450,  -121.528772,  -121.513077,  -121.520946,  -121.518628

Singular values = 
 1.2251e+00,  1.1913e+00,  1.1886e+00,  1.1886e+00,  1.1883e+00
 1.1555e+00,  1.0144e+00,  1.0144e+00,  1.0144e+00,  1.0144e+00
 9.8558e-01,  9.8558e-01,  9.8558e-01,  9.8558e-01,  8.3374e-01
 8.1139e-01,  8.1139e-01,  8.1119e-01,  8.0839e-01,  7.8654e-01


Singular values = 
 1.5169e+00,  1.3415e+00,  1.3246e+00,  1.3234e+00,  1.3206e+00
 1.1602e+00,  1.0831e+00,  1.0693e+00,  1.0546e+00,  1.0334e+00
 9.8908e-01,  9.5284e-01,  9.4525e-01,  9.0921e-01,  7.8101e-01
 6.8690e-01,  6.8452e-01,  6.8275e-01,  6.7230e-01,  6.1274e-01


Singular values = 
 1.3436e+00,  1.2561e+00,  1.2497e+00,  1.2484e+00,  1.2482e+00
 1.1635e+00,  1.0477e+00,  1.0372e+00,  1.0198e+00,  1.0089e+00
 9.9663e-01,  9.8479e-01,  9.6001e-01,  9.4818e-01,  8.0497e-01
 7.4928e-01,  7.4897e-01,  7.4443e-01,  7.4139e-01,  6.9895e-01

1.9000,  -121.113315,  -121.101544,  -121.107650,  -121.105920

Singular values = 
 1.1857e+00,  1.1607e+00,  1.1583e+00,  1.1583e+00,  1.1581e+00
 1.1337e+00,  1.0111e+00,  1.0111e+00,  1.0111e+00,  1.0111e+00
 9.8894e-01,  9.8894e-01,  9.8894e-01,  9.8894e-01,  8.5937e-01
 8.4175e-01,  8.4175e-01,  8.4163e-01,  8.3908e-01,  8.2176e-01


Singular values = 
 1.4622e+00,  1.2984e+00,  1.2790e+00,  1.2776e+00,  1.2751e+00
 1.1211e+00,  1.0783e+00,  1.0771e+00,  1.0436e+00,  1.0391e+00
 9.8787e-01,  9.5528e-01,  9.4486e-01,  9.1200e-01,  8.2260e-01
 7.2815e-01,  7.2638e-01,  7.2534e-01,  7.1413e-01,  6.5709e-01


Singular values = 
 1.2985e+00,  1.2185e+00,  1.2120e+00,  1.2110e+00,  1.2105e+00
 1.1322e+00,  1.0431e+00,  1.0307e+00,  1.0263e+00,  1.0135e+00
 9.9363e-01,  9.7943e-01,  9.6593e-01,  9.5161e-01,  8.4027e-01
 7.8661e-01,  7.8597e-01,  7.8277e-01,  7.7832e-01,  7.3953e-01

1.9550,  -120.722687,  -120.713912,  -120.718657,  -120.717362

Singular values = 
 1.1528e+00,  1.1344e+00,  1.1321e+00,  1.1321e+00,  1.1320e+00
 1.1139e+00,  1.0085e+00,  1.0085e+00,  1.0085e+00,  1.0085e+00
 9.9155e-01,  9.9155e-01,  9.9155e-01,  9.9155e-01,  8.8164e-01
 8.6788e-01,  8.6788e-01,  8.6781e-01,  8.6553e-01,  8.5195e-01


Singular values = 
 1.4175e+00,  1.2639e+00,  1.2397e+00,  1.2382e+00,  1.2360e+00
 1.0854e+00,  1.0846e+00,  1.0725e+00,  1.0436e+00,  1.0335e+00
 9.8885e-01,  9.6494e-01,  9.3794e-01,  9.1333e-01,  8.5827e-01
 7.6389e-01,  7.6286e-01,  7.5972e-01,  7.5024e-01,  6.9539e-01


Singular values = 
 1.2616e+00,  1.1863e+00,  1.1796e+00,  1.1787e+00,  1.1781e+00
 1.1035e+00,  1.0397e+00,  1.0318e+00,  1.0251e+00,  1.0170e+00
 9.9198e-01,  9.7493e-01,  9.7120e-01,  9.5389e-01,  8.7078e-01
 8.1846e-01,  8.1756e-01,  8.1582e-01,  8.1031e-01,  7.7413e-01

2.0100,  -120.354675,  -120.348141,  -120.351840,  -120.350864

Singular values = 
 1.1254e+00,  1.1118e+00,  1.1098e+00,  1.1098e+00,  1.1097e+00
 1.0963e+00,  1.0064e+00,  1.0064e+00,  1.0064e+00,  1.0064e+00
 9.9355e-01,  9.9355e-01,  9.9355e-01,  9.9355e-01,  9.0085e-01
 8.9019e-01,  8.9019e-01,  8.9015e-01,  8.8814e-01,  8.7759e-01


Singular values = 
 1.3811e+00,  1.2384e+00,  1.2063e+00,  1.2048e+00,  1.2030e+00
 1.0874e+00,  1.0690e+00,  1.0540e+00,  1.0470e+00,  1.0243e+00
 9.9173e-01,  9.7444e-01,  9.3182e-01,  9.1348e-01,  8.8833e-01
 7.9540e-01,  7.9129e-01,  7.8796e-01,  7.8071e-01,  7.2815e-01


Singular values = 
 1.2314e+00,  1.1596e+00,  1.1521e+00,  1.1512e+00,  1.1505e+00
 1.0779e+00,  1.0370e+00,  1.0363e+00,  1.0200e+00,  1.0197e+00
 9.9151e-01,  9.7610e-01,  9.7108e-01,  9.5525e-01,  8.9668e-01
 8.4516e-01,  8.4404e-01,  8.4388e-01,  8.3759e-01,  8.0335e-01

2.0650,  -120.007274,  -120.002395,  -120.005289,  -120.004548

Singular values = 
 1.1027e+00,  1.0926e+00,  1.0909e+00,  1.0909e+00,  1.0909e+00
 1.0809e+00,  1.0049e+00,  1.0049e+00,  1.0049e+00,  1.0049e+00
 9.9510e-01,  9.9510e-01,  9.9510e-01,  9.9510e-01,  9.1730e-01
 9.0911e-01,  9.0911e-01,  9.0908e-01,  9.0734e-01,  8.9921e-01


Singular values = 
 1.3517e+00,  1.2221e+00,  1.1784e+00,  1.1769e+00,  1.1753e+00
 1.0863e+00,  1.0663e+00,  1.0496e+00,  1.0279e+00,  1.0152e+00
 9.9616e-01,  9.8383e-01,  9.2632e-01,  9.1331e-01,  9.1273e-01
 8.2122e-01,  8.1397e-01,  8.1063e-01,  8.0581e-01,  7.5593e-01


Singular values = 
 1.2069e+00,  1.1382e+00,  1.1289e+00,  1.1280e+00,  1.1273e+00
 1.0555e+00,  1.0398e+00,  1.0349e+00,  1.0218e+00,  1.0153e+00
 9.9211e-01,  9.8083e-01,  9.6770e-01,  9.5586e-01,  9.1832e-01
 8.6735e-01,  8.6712e-01,  8.6582e-01,  8.6046e-01,  8.2789e-01

2.1200,  -119.678686,  -119.675019,  -119.677294,  -119.676726

Singular values = 
 1.0839e+00,  1.0764e+00,  1.0749e+00,  1.0749e+00,  1.0749e+00
 1.0676e+00,  1.0037e+00,  1.0037e+00,  1.0037e+00,  1.0037e+00
 9.9628e-01,  9.9628e-01,  9.9628e-01,  9.9628e-01,  9.3132e-01
 9.2505e-01,  9.2505e-01,  9.2504e-01,  9.2355e-01,  9.1733e-01


Singular values = 
 1.3282e+00,  1.2138e+00,  1.1552e+00,  1.1538e+00,  1.1523e+00
 1.0817e+00,  1.0642e+00,  1.0516e+00,  1.0131e+00,  1.0017e+00
 9.9997e-01,  9.9302e-01,  9.3385e-01,  9.2135e-01,  9.1133e-01
 8.4178e-01,  8.3166e-01,  8.2847e-01,  8.2605e-01,  7.7935e-01


Singular values = 
 1.1872e+00,  1.1220e+00,  1.1096e+00,  1.1088e+00,  1.1081e+00
 1.0419e+00,  1.0363e+00,  1.0334e+00,  1.0234e+00,  1.0111e+00
 9.9365e-01,  9.8552e-01,  9.6468e-01,  9.5587e-01,  9.3617e-01
 8.8666e-01,  8.8480e-01,  8.8338e-01,  8.7930e-01,  8.4839e-01

2.1750,  -119.367311,  -119.364532,  -119.366330,  -119.365890

Singular values = 
 1.0683e+00,  1.0628e+00,  1.0616e+00,  1.0616e+00,  1.0616e+00
 1.0561e+00,  1.0028e+00,  1.0028e+00,  1.0028e+00,  1.0028e+00
 9.9718e-01,  9.9718e-01,  9.9718e-01,  9.9718e-01,  9.4318e-01
 9.3843e-01,  9.3843e-01,  9.3842e-01,  9.3716e-01,  9.3242e-01


Singular values = 
 1.3096e+00,  1.2112e+00,  1.1362e+00,  1.1350e+00,  1.1334e+00
 1.0752e+00,  1.0627e+00,  1.0531e+00,  1.0079e+00,  1.0069e+00
 1.0018e+00,  9.8119e-01,  9.5055e-01,  9.1686e-01,  9.0949e-01
 8.5760e-01,  8.4522e-01,  8.4231e-01,  8.4202e-01,  7.9898e-01


Singular values = 
 1.1714e+00,  1.1109e+00,  1.0937e+00,  1.0930e+00,  1.0922e+00
 1.0421e+00,  1.0322e+00,  1.0247e+00,  1.0200e+00,  1.0073e+00
 9.9598e-01,  9.9022e-01,  9.6195e-01,  9.5543e-01,  9.5075e-01
 9.0224e-01,  8.9874e-01,  8.9727e-01,  8.9454e-01,  8.6547e-01

2.2300,  -119.071734,  -119.069607,  -119.071034,  -119.070691

Singular values = 
 1.0555e+00,  1.0515e+00,  1.0504e+00,  1.0504e+00,  1.0504e+00
 1.0464e+00,  1.0021e+00,  1.0021e+00,  1.0021e+00,  1.0021e+00
 9.9787e-01,  9.9787e-01,  9.9787e-01,  9.9787e-01,  9.5318e-01
 9.4960e-01,  9.4960e-01,  9.4959e-01,  9.4853e-01,  9.4495e-01


Singular values = 
 1.2948e+00,  1.2120e+00,  1.1208e+00,  1.1196e+00,  1.1180e+00
 1.0683e+00,  1.0615e+00,  1.0543e+00,  1.0143e+00,  1.0100e+00
 1.0029e+00,  9.6476e-01,  9.6395e-01,  9.1280e-01,  9.0740e-01
 8.6928e-01,  8.5551e-01,  8.5438e-01,  8.5297e-01,  8.1538e-01


Singular values = 
 1.1589e+00,  1.1045e+00,  1.0807e+00,  1.0801e+00,  1.0792e+00
 1.0405e+00,  1.0313e+00,  1.0256e+00,  1.0072e+00,  1.0033e+00
 9.9891e-01,  9.9488e-01,  9.6257e-01,  9.5945e-01,  9.5465e-01
 9.1451e-01,  9.0949e-01,  9.0806e-01,  9.0664e-01,  8.7966e-01

2.2850,  -118.790701,  -118.789056,  -118.790195,  -118.789924

Singular values = 
 1.0450e+00,  1.0420e+00,  1.0411e+00,  1.0411e+00,  1.0411e+00
 1.0382e+00,  1.0016e+00,  1.0016e+00,  1.0016e+00,  1.0016e+00
 9.9840e-01,  9.9840e-01,  9.9840e-01,  9.9840e-01,  9.6158e-01
 9.5889e-01,  9.5889e-01,  9.5888e-01,  9.5800e-01,  9.5531e-01


Singular values = 
 1.2832e+00,  1.2146e+00,  1.1082e+00,  1.1073e+00,  1.1055e+00
 1.0623e+00,  1.0606e+00,  1.0551e+00,  1.0205e+00,  1.0175e+00
 1.0005e+00,  9.7448e-01,  9.5093e-01,  9.0917e-01,  9.0522e-01
 8.7752e-01,  8.6377e-01,  8.6329e-01,  8.6115e-01,  8.2901e-01


Singular values = 
 1.1490e+00,  1.1017e+00,  1.0702e+00,  1.0696e+00,  1.0687e+00
 1.0376e+00,  1.0306e+00,  1.0263e+00,  1.0025e+00,  1.0022e+00
 9.9941e-01,  9.9409e-01,  9.7209e-01,  9.5716e-01,  9.5364e-01
 9.2390e-01,  9.1766e-01,  9.1633e-01,  9.1607e-01,  8.9141e-01

2.3400,  -118.523102,  -118.521818,  -118.522731,  -118.522515

Singular values = 
 1.0363e+00,  1.0341e+00,  1.0334e+00,  1.0334e+00,  1.0334e+00
 1.0312e+00,  1.0012e+00,  1.0012e+00,  1.0012e+00,  1.0012e+00
 9.9880e-01,  9.9880e-01,  9.9880e-01,  9.9880e-01,  9.6860e-01
 9.6659e-01,  9.6659e-01,  9.6659e-01,  9.6585e-01,  9.6385e-01


Singular values = 
 1.2741e+00,  1.2178e+00,  1.0981e+00,  1.0973e+00,  1.0953e+00
 1.0599e+00,  1.0577e+00,  1.0558e+00,  1.0262e+00,  1.0242e+00
 9.9918e-01,  9.8254e-01,  9.3940e-01,  9.0596e-01,  9.0307e-01
 8.8304e-01,  8.7078e-01,  8.6919e-01,  8.6744e-01,  8.4031e-01


Singular values = 
 1.1412e+00,  1.1012e+00,  1.0617e+00,  1.0612e+00,  1.0601e+00
 1.0343e+00,  1.0301e+00,  1.0269e+00,  1.0056e+00,  1.0037e+00
 1.0006e+00,  9.8469e-01,  9.7968e-01,  9.5508e-01,  9.5251e-01
 9.3081e-01,  9.2379e-01,  9.2328e-01,  9.2262e-01,  9.0112e-01

2.3950,  -118.267951,  -118.266939,  -118.267673,  -118.267500

Singular values = 
 1.0292e+00,  1.0277e+00,  1.0270e+00,  1.0270e+00,  1.0270e+00
 1.0255e+00,  1.0009e+00,  1.0009e+00,  1.0009e+00,  1.0009e+00
 9.9910e-01,  9.9910e-01,  9.9910e-01,  9.9910e-01,  9.7444e-01
 9.7295e-01,  9.7295e-01,  9.7295e-01,  9.7235e-01,  9.7086e-01


Singular values = 
 1.2669e+00,  1.2212e+00,  1.0899e+00,  1.0893e+00,  1.0872e+00
 1.0594e+00,  1.0563e+00,  1.0545e+00,  1.0314e+00,  1.0300e+00
 9.9865e-01,  9.8846e-01,  9.2987e-01,  9.0315e-01,  9.0104e-01
 8.8653e-01,  8.7595e-01,  8.7369e-01,  8.7230e-01,  8.4964e-01


Singular values = 
 1.1352e+00,  1.1019e+00,  1.0549e+00,  1.0544e+00,  1.0533e+00
 1.0312e+00,  1.0297e+00,  1.0273e+00,  1.0089e+00,  1.0076e+00
 9.9952e-01,  9.8563e-01,  9.7680e-01,  9.5320e-01,  9.5134e-01
 9.3567e-01,  9.2871e-01,  9.2838e-01,  9.2739e-01,  9.0913e-01

2.4500,  -118.024364,  -118.023560,  -118.024152,  -118.024013

Singular values = 
 1.0235e+00,  1.0223e+00,  1.0218e+00,  1.0218e+00,  1.0218e+00
 1.0206e+00,  1.0007e+00,  1.0007e+00,  1.0007e+00,  1.0007e+00
 9.9933e-01,  9.9933e-01,  9.9933e-01,  9.9933e-01,  9.7929e-01
 9.7819e-01,  9.7819e-01,  9.7819e-01,  9.7770e-01,  9.7660e-01


Singular values = 
 1.2613e+00,  1.2244e+00,  1.0834e+00,  1.0828e+00,  1.0807e+00
 1.0590e+00,  1.0567e+00,  1.0527e+00,  1.0360e+00,  1.0350e+00
 9.9859e-01,  9.9262e-01,  9.2201e-01,  9.0071e-01,  8.9918e-01
 8.8861e-01,  8.7971e-01,  8.7715e-01,  8.7605e-01,  8.5732e-01


Singular values = 
 1.1304e+00,  1.1032e+00,  1.0494e+00,  1.0490e+00,  1.0478e+00
 1.0294e+00,  1.0287e+00,  1.0276e+00,  1.0120e+00,  1.0111e+00
 9.9900e-01,  9.9017e-01,  9.7028e-01,  9.5153e-01,  9.5018e-01
 9.3893e-01,  9.3273e-01,  9.3183e-01,  9.3102e-01,  9.1571e-01

2.5050,  -117.791551,  -117.790907,  -117.791387,  -117.791273

Singular values = 
 1.0188e+00,  1.0179e+00,  1.0175e+00,  1.0175e+00,  1.0175e+00
 1.0167e+00,  1.0005e+00,  1.0005e+00,  1.0005e+00,  1.0005e+00
 9.9950e-01,  9.9950e-01,  9.9950e-01,  9.9950e-01,  9.8330e-01
 9.8249e-01,  9.8249e-01,  9.8249e-01,  9.8209e-01,  9.8128e-01


Singular values = 
 1.2569e+00,  1.2272e+00,  1.0781e+00,  1.0777e+00,  1.0756e+00
 1.0587e+00,  1.0570e+00,  1.0520e+00,  1.0399e+00,  1.0392e+00
 9.9877e-01,  9.9542e-01,  9.1556e-01,  8.9864e-01,  8.9752e-01
 8.8976e-01,  8.8242e-01,  8.7982e-01,  8.7898e-01,  8.6362e-01


Singular values = 
 1.1268e+00,  1.1047e+00,  1.0450e+00,  1.0447e+00,  1.0434e+00
 1.0291e+00,  1.0278e+00,  1.0270e+00,  1.0148e+00,  1.0142e+00
 9.9887e-01,  9.9352e-01,  9.6492e-01,  9.5007e-01,  9.4909e-01
 9.4101e-01,  9.3566e-01,  9.3443e-01,  9.3378e-01,  9.2110e-01

2.5600,  -117.568797,  -117.568279,  -117.568668,  -117.568575

Singular values = 
 1.0149e+00,  1.0143e+00,  1.0140e+00,  1.0140e+00,  1.0140e+00
 1.0134e+00,  1.0004e+00,  1.0004e+00,  1.0004e+00,  1.0004e+00
 9.9963e-01,  9.9963e-01,  9.9963e-01,  9.9963e-01,  9.8659e-01
 9.8600e-01,  9.8600e-01,  9.8600e-01,  9.8568e-01,  9.8508e-01


Singular values = 
 1.2534e+00,  1.2297e+00,  1.0738e+00,  1.0735e+00,  1.0716e+00
 1.0584e+00,  1.0572e+00,  1.0520e+00,  1.0433e+00,  1.0428e+00
 9.9903e-01,  9.9722e-01,  9.1029e-01,  8.9688e-01,  8.9607e-01
 8.9031e-01,  8.8437e-01,  8.8191e-01,  8.8126e-01,  8.6877e-01


Singular values = 
 1.1239e+00,  1.1062e+00,  1.0415e+00,  1.0413e+00,  1.0400e+00
 1.0290e+00,  1.0280e+00,  1.0260e+00,  1.0173e+00,  1.0168e+00
 9.9896e-01,  9.9587e-01,  9.6053e-01,  9.4880e-01,  9.4809e-01
 9.4226e-01,  9.3778e-01,  9.3640e-01,  9.3590e-01,  9.2550e-01

2.6150,  -117.355452,  -117.355036,  -117.355351,  -117.355276

Singular values = 
 1.0118e+00,  1.0114e+00,  1.0111e+00,  1.0111e+00,  1.0111e+00
 1.0107e+00,  1.0003e+00,  1.0003e+00,  1.0003e+00,  1.0003e+00
 9.9973e-01,  9.9973e-01,  9.9973e-01,  9.9973e-01,  9.8929e-01
 9.8886e-01,  9.8886e-01,  9.8886e-01,  9.8860e-01,  9.8817e-01


Singular values = 
 1.2507e+00,  1.2319e+00,  1.0705e+00,  1.0702e+00,  1.0684e+00
 1.0583e+00,  1.0574e+00,  1.0524e+00,  1.0461e+00,  1.0457e+00
 9.9929e-01,  9.9834e-01,  9.0600e-01,  8.9541e-01,  8.9482e-01
 8.9050e-01,  8.8575e-01,  8.8354e-01,  8.8305e-01,  8.7296e-01


Singular values = 
 1.1217e+00,  1.1076e+00,  1.0387e+00,  1.0385e+00,  1.0373e+00
 1.0288e+00,  1.0281e+00,  1.0256e+00,  1.0194e+00,  1.0191e+00
 9.9915e-01,  9.9744e-01,  9.5696e-01,  9.4772e-01,  9.4721e-01
 9.4295e-01,  9.3929e-01,  9.3791e-01,  9.3752e-01,  9.2908e-01

2.6700,  -117.150868,  -117.150594,  -117.150851,  -117.150788

Singular values = 
 1.0094e+00,  1.0090e+00,  1.0088e+00,  1.0088e+00,  1.0088e+00
 1.0085e+00,  1.0002e+00,  1.0002e+00,  1.0002e+00,  1.0002e+00
 9.9980e-01,  9.9980e-01,  9.9980e-01,  9.9980e-01,  9.9149e-01
 9.9117e-01,  9.9117e-01,  9.9117e-01,  9.9097e-01,  9.9066e-01


Singular values = 
 1.2485e+00,  1.2336e+00,  1.0677e+00,  1.0676e+00,  1.0660e+00
 1.0582e+00,  1.0575e+00,  1.0531e+00,  1.0484e+00,  1.0481e+00
 9.9951e-01,  9.9903e-01,  9.0253e-01,  8.9419e-01,  8.9376e-01
 8.9050e-01,  8.8674e-01,  8.8481e-01,  8.8444e-01,  8.7636e-01


Singular values = 
 1.1199e+00,  1.1087e+00,  1.0365e+00,  1.0364e+00,  1.0352e+00
 1.0287e+00,  1.0282e+00,  1.0256e+00,  1.0212e+00,  1.0209e+00
 9.9935e-01,  9.9845e-01,  9.5406e-01,  9.4681e-01,  9.4644e-01
 9.4331e-01,  9.4036e-01,  9.3908e-01,  9.3878e-01,  9.3198e-01

2.7250,  -116.954664,  -116.954419,  -116.954628,  -116.954577

Singular values = 
 1.0073e+00,  1.0071e+00,  1.0070e+00,  1.0070e+00,  1.0070e+00
 1.0067e+00,  1.0001e+00,  1.0001e+00,  1.0001e+00,  1.0001e+00
 9.9985e-01,  9.9985e-01,  9.9985e-01,  9.9985e-01,  9.9327e-01
 9.9304e-01,  9.9304e-01,  9.9304e-01,  9.9288e-01,  9.9265e-01


Singular values = 
 1.2468e+00,  1.2351e+00,  1.0656e+00,  1.0654e+00,  1.0641e+00
 1.0581e+00,  1.0576e+00,  1.0538e+00,  1.0503e+00,  1.0501e+00
 9.9968e-01,  9.9944e-01,  8.9973e-01,  8.9319e-01,  8.9288e-01
 8.9039e-01,  8.8744e-01,  8.8581e-01,  8.8554e-01,  8.7910e-01


Singular values = 
 1.1186e+00,  1.1098e+00,  1.0348e+00,  1.0346e+00,  1.0336e+00
 1.0287e+00,  1.0283e+00,  1.0258e+00,  1.0226e+00,  1.0225e+00
 9.9953e-01,  9.9907e-01,  9.5173e-01,  9.4605e-01,  9.4579e-01
 9.4346e-01,  9.4112e-01,  9.3997e-01,  9.3975e-01,  9.3432e-01

2.7800,  -116.766204,  -116.766019,  -116.766190,  -116.766147

Singular values = 
 1.0058e+00,  1.0056e+00,  1.0055e+00,  1.0055e+00,  1.0055e+00
 1.0053e+00,  1.0001e+00,  1.0001e+00,  1.0001e+00,  1.0001e+00
 9.9989e-01,  9.9989e-01,  9.9989e-01,  9.9989e-01,  9.9470e-01
 9.9454e-01,  9.9454e-01,  9.9454e-01,  9.9441e-01,  9.9425e-01


Singular values = 
 1.2455e+00,  1.2363e+00,  1.0639e+00,  1.0638e+00,  1.0626e+00
 1.0580e+00,  1.0576e+00,  1.0545e+00,  1.0519e+00,  1.0518e+00
 9.9980e-01,  9.9968e-01,  8.9748e-01,  8.9237e-01,  8.9215e-01
 8.9025e-01,  8.8794e-01,  8.8660e-01,  8.8639e-01,  8.8130e-01


Singular values = 
 1.1175e+00,  1.1106e+00,  1.0334e+00,  1.0333e+00,  1.0324e+00
 1.0286e+00,  1.0283e+00,  1.0261e+00,  1.0238e+00,  1.0237e+00
 9.9968e-01,  9.9945e-01,  9.4985e-01,  9.4543e-01,  9.4524e-01
 9.4350e-01,  9.4166e-01,  9.4067e-01,  9.4051e-01,  9.3620e-01

2.8350,  -116.585121,  -116.584941,  -116.585081,  -116.585045

Singular values = 
 1.0045e+00,  1.0044e+00,  1.0043e+00,  1.0043e+00,  1.0043e+00
 1.0041e+00,  1.0001e+00,  1.0001e+00,  1.0001e+00,  1.0001e+00
 9.9992e-01,  9.9992e-01,  9.9992e-01,  9.9992e-01,  9.9585e-01
 9.9574e-01,  9.9574e-01,  9.9574e-01,  9.9564e-01,  9.9552e-01


Singular values = 
 1.2445e+00,  1.2373e+00,  1.0625e+00,  1.0624e+00,  1.0615e+00
 1.0579e+00,  1.0577e+00,  1.0551e+00,  1.0532e+00,  1.0531e+00
 9.9988e-01,  9.9983e-01,  8.9568e-01,  8.9171e-01,  8.9155e-01
 8.9009e-01,  8.8830e-01,  8.8721e-01,  8.8706e-01,  8.8305e-01


Singular values = 
 1.1167e+00,  1.1113e+00,  1.0323e+00,  1.0322e+00,  1.0314e+00
 1.0286e+00,  1.0284e+00,  1.0265e+00,  1.0248e+00,  1.0248e+00
 9.9979e-01,  9.9968e-01,  9.4836e-01,  9.4492e-01,  9.4478e-01
 9.4347e-01,  9.4204e-01,  9.4121e-01,  9.4109e-01,  9.3769e-01

2.8900,  -116.410824,  -116.410767,  -116.410882,  -116.410852

Singular values = 
 1.0035e+00,  1.0034e+00,  1.0033e+00,  1.0033e+00,  1.0033e+00
 1.0032e+00,  1.0001e+00,  1.0001e+00,  1.0001e+00,  1.0001e+00
 9.9994e-01,  9.9994e-01,  9.9994e-01,  9.9994e-01,  9.9677e-01
 9.9669e-01,  9.9669e-01,  9.9669e-01,  9.9661e-01,  9.9653e-01


Singular values = 
 1.2436e+00,  1.2381e+00,  1.0614e+00,  1.0614e+00,  1.0606e+00
 1.0579e+00,  1.0577e+00,  1.0556e+00,  1.0542e+00,  1.0541e+00
 9.9994e-01,  9.9991e-01,  8.9426e-01,  8.9118e-01,  8.9106e-01
 8.8994e-01,  8.8857e-01,  8.8769e-01,  8.8758e-01,  8.8445e-01


Singular values = 
 1.1161e+00,  1.1119e+00,  1.0314e+00,  1.0314e+00,  1.0307e+00
 1.0286e+00,  1.0284e+00,  1.0269e+00,  1.0256e+00,  1.0256e+00
 9.9986e-01,  9.9981e-01,  9.4717e-01,  9.4451e-01,  9.4441e-01
 9.4342e-01,  9.4231e-01,  9.4163e-01,  9.4154e-01,  9.3888e-01

2.9450,  -116.243206,  -116.243110,  -116.243205,  -116.243180

Singular values = 
 1.0027e+00,  1.0026e+00,  1.0026e+00,  1.0026e+00,  1.0026e+00
 1.0025e+00,  1.0000e+00,  1.0000e+00,  1.0000e+00,  1.0000e+00
 9.9996e-01,  9.9996e-01,  9.9996e-01,  9.9996e-01,  9.9750e-01
 9.9744e-01,  9.9744e-01,  9.9744e-01,  9.9738e-01,  9.9732e-01


Singular values = 
 1.2430e+00,  1.2387e+00,  1.0606e+00,  1.0606e+00,  1.0600e+00
 1.0579e+00,  1.0577e+00,  1.0561e+00,  1.0550e+00,  1.0549e+00
 9.9997e-01,  9.9996e-01,  8.9313e-01,  8.9076e-01,  8.9068e-01
 8.8981e-01,  8.8876e-01,  8.8807e-01,  8.8799e-01,  8.8555e-01


Singular values = 
 1.1156e+00,  1.1123e+00,  1.0307e+00,  1.0307e+00,  1.0302e+00
 1.0285e+00,  1.0284e+00,  1.0272e+00,  1.0263e+00,  1.0262e+00
 9.9991e-01,  9.9989e-01,  9.4623e-01,  9.4418e-01,  9.4410e-01
 9.4335e-01,  9.4250e-01,  9.4196e-01,  9.4189e-01,  9.3982e-01

3.0000,  -116.081717,  -116.081611,  -116.081689,  -116.081668
