 
:: initializing oneAPI environment ...
   slurm_script: BASH_VERSION = 4.2.46(1)-release
   args: Using "$@" for setvars.sh arguments: --force
:: advisor -- latest
:: ccl -- latest
:: clck -- latest
:: compiler -- latest
:: dal -- latest
:: debugger -- latest
:: dev-utilities -- latest
:: dnnl -- latest
:: dpcpp-ct -- latest
:: dpl -- latest
:: inspector -- latest
:: intelpython -- latest
:: ipp -- latest
:: ippcp -- latest
:: ipp -- latest
:: itac -- latest
:: mkl -- latest
:: mpi -- latest
:: tbb -- latest
:: vpl -- latest
:: vtune -- latest
:: oneAPI environment initialized ::
 


####################
m        = n2
basis    = sto-3g
dir_path = ./data/
h5_path  = ./data/n2-sto-3g.h5
is_scf   = False
 

 

 

tol = 1.0000e-03, trunc_err = 9.9303e-04: 20 -> 9
r = 0.8000, ene_fci =  -139.178412, ene_noci_uhf =  -139.125025, ene_noci_ump2_1 =  -139.174018
 

 

 

Warning: truncation error is large
tol = 1.0000e-03, trunc_err = 1.1151e-03: 20 -> 10
tol = 1.0000e-03, trunc_err = 1.1151e-03: 20 -> 10
r = 0.8550, ene_fci =  -137.426302, ene_noci_uhf =  -137.367987, ene_noci_ump2_1 =  -137.421082
 

 

tol = 1.0000e-08, trunc_err = 3.1990e-09: 20 -> 19
 

tol = 1.0000e-03, trunc_err = 8.7928e-04: 20 -> 16
Warning: imaginary part of noci energy is large
ene_noci = -135.94838922 +0.12252005i
Warning: imaginary part of noci coefficients is large: 8.7672e-02
r = 0.9100, ene_fci =  -135.822552, ene_noci_uhf =  -135.759410, ene_noci_ump2_1 =  -135.816510
 

tol = 1.0000e-08, trunc_err = 5.3940e-09: 20 -> 19
 

tol = 1.0000e-08, trunc_err = 1.4196e-10: 20 -> 19
 

tol = 1.0000e-03, trunc_err = 9.0974e-04: 20 -> 17
r = 0.9650, ene_fci =  -134.351778, ene_noci_uhf =  -134.284037, ene_noci_ump2_1 =  -134.344865
slurmstepd: error: *** JOB 455131 ON pauling028 CANCELLED AT 2023-02-15T15:09:47 ***
