 
:: initializing oneAPI environment ...
   slurm_script: BASH_VERSION = 4.2.46(1)-release
   args: Using "$@" for setvars.sh arguments: --force
:: advisor -- latest
:: ccl -- latest
:: clck -- latest
:: compiler -- latest
:: dal -- latest
:: debugger -- latest
:: dev-utilities -- latest
:: dnnl -- latest
:: dpcpp-ct -- latest
:: dpl -- latest
:: inspector -- latest
:: intelpython -- latest
:: ipp -- latest
:: ippcp -- latest
:: ipp -- latest
:: itac -- latest
:: mkl -- latest
:: mpi -- latest
:: tbb -- latest
:: vpl -- latest
:: vtune -- latest
:: oneAPI environment initialized ::
 


####################
m        = h2
basis    = sto-3g
dir_path = ./data/
h5_path  = ./data/h2-sto-3g.h5
r = 0.5000, ene_fci =    -2.113514, ene_noci_uhf =    -2.108212, ene_noci_ump2_1 =    -2.111871, ene_noci_ucisd_1 =    -2.113514
r = 0.7778, ene_fci =    -1.816243, ene_noci_uhf =    -1.814063, ene_noci_ump2_1 =    -1.813534, ene_noci_ucisd_1 =    -1.816243
r = 1.0556, ene_fci =    -1.590441, ene_noci_uhf =    -1.590375, ene_noci_ump2_1 =    -1.588701, ene_noci_ucisd_1 =    -1.590441
r = 1.3333, ene_fci =    -1.425257, ene_noci_uhf =    -1.424807, ene_noci_ump2_1 =    -1.424922, ene_noci_ucisd_1 =    -1.425257
r = 1.6111, ene_fci =    -1.310461, ene_noci_uhf =    -1.309562, ene_noci_ump2_1 =    -1.310460, ene_noci_ucisd_1 =    -1.310461
r = 1.8889, ene_fci =    -1.235228, ene_noci_uhf =    -1.234616, ene_noci_ump2_1 =    -1.235210, ene_noci_ucisd_1 =    -1.235228
r = 2.1667, ene_fci =    -1.186403, ene_noci_uhf =    -1.186131, ene_noci_ump2_1 =    -1.186388, ene_noci_ucisd_1 =    -1.186403
r = 2.4444, ene_fci =    -1.153154, ene_noci_uhf =    -1.153053, ene_noci_ump2_1 =    -1.153148, ene_noci_ucisd_1 =    -1.153154
r = 2.7222, ene_fci =    -1.128866, ene_noci_uhf =    -1.128832, ene_noci_ump2_1 =    -1.128864, ene_noci_ucisd_1 =    -1.128866
r = 3.0000, ene_fci =    -1.110024, ene_noci_uhf =    -1.110013, ene_noci_ump2_1 =    -1.110024, ene_noci_ucisd_1 =    -1.110024


####################
m        = h4-line
basis    = sto-3g
dir_path = ./data/
h5_path  = ./data/h4-line-sto-3g.h5
r = 0.5000, ene_fci =    -6.239319, ene_noci_uhf =    -6.224444, ene_noci_ump2_1 =    -6.237139, ene_noci_ucisd_1 =    -6.239281
r = 0.6000, ene_fci =    -5.782029, ene_noci_uhf =    -5.768037, ene_noci_ump2_1 =    -5.779142, ene_noci_ucisd_1 =    -5.781963
r = 0.7000, ene_fci =    -5.382856, ene_noci_uhf =    -5.370487, ene_noci_ump2_1 =    -5.380355, ene_noci_ucisd_1 =    -5.382741
r = 0.8000, ene_fci =    -5.033937, ene_noci_uhf =    -5.023825, ene_noci_ump2_1 =    -5.030102, ene_noci_ucisd_1 =    -5.033731
r = 0.9000, ene_fci =    -4.728207, ene_noci_uhf =    -4.720726, ene_noci_ump2_1 =    -4.723627, ene_noci_ucisd_1 =    -4.727836
r = 1.0000, ene_fci =    -4.459489, ene_noci_uhf =    -4.454573, ene_noci_ump2_1 =    -4.455092, ene_noci_ucisd_1 =    -4.458907
r = 1.1000, ene_fci =    -4.222608, ene_noci_uhf =    -4.219657, ene_noci_ump2_1 =    -4.219114, ene_noci_ucisd_1 =    -4.221900
r = 1.2000, ene_fci =    -4.013526, ene_noci_uhf =    -4.011628, ene_noci_ump2_1 =    -4.011168, ene_noci_ucisd_1 =    -4.012847
r = 1.3000, ene_fci =    -3.829153, ene_noci_uhf =    -3.827501, ene_noci_ump2_1 =    -3.827750, ene_noci_ucisd_1 =    -3.828611
r = 1.4000, ene_fci =    -3.667000, ene_noci_uhf =    -3.665158, ene_noci_ump2_1 =    -3.666228, ene_noci_ucisd_1 =    -3.666616
r = 1.5000, ene_fci =    -3.524884, ene_noci_uhf =    -3.522795, ene_noci_ump2_1 =    -3.524460, ene_noci_ucisd_1 =    -3.524624
r = 1.6000, ene_fci =    -3.400749, ene_noci_uhf =    -3.398573, ene_noci_ump2_1 =    -3.400490, ene_noci_ucisd_1 =    -3.400570
r = 1.7000, ene_fci =    -3.292575, ene_noci_uhf =    -3.290522, ene_noci_ump2_1 =    -3.292391, ene_noci_ucisd_1 =    -3.292449
r = 1.8000, ene_fci =    -3.198376, ene_noci_uhf =    -3.196598, ene_noci_ump2_1 =    -3.198231, ene_noci_ucisd_1 =    -3.198285
r = 1.9000, ene_fci =    -3.116227, ene_noci_uhf =    -3.114789, ene_noci_ump2_1 =    -3.116112, ene_noci_ucisd_1 =    -3.116162
r = 2.0000, ene_fci =    -3.044331, ene_noci_uhf =    -3.043227, ene_noci_ump2_1 =    -3.044243, ene_noci_ucisd_1 =    -3.044285
r = 2.1000, ene_fci =    -2.981068, ene_noci_uhf =    -2.980252, ene_noci_ump2_1 =    -2.981003, ene_noci_ucisd_1 =    -2.981036
r = 2.2000, ene_fci =    -2.925031, ene_noci_uhf =    -2.924445, ene_noci_ump2_1 =    -2.924985, ene_noci_ucisd_1 =    -2.925010
r = 2.3000, ene_fci =    -2.875038, ene_noci_uhf =    -2.874625, ene_noci_ump2_1 =    -2.875006, ene_noci_ucisd_1 =    -2.875023
r = 2.4000, ene_fci =    -2.830110, ene_noci_uhf =    -2.829824, ene_noci_ump2_1 =    -2.830089, ene_noci_ucisd_1 =    -2.830100
r = 2.5000, ene_fci =    -2.789456, ene_noci_uhf =    -2.789260, ene_noci_ump2_1 =    -2.789443, ene_noci_ucisd_1 =    -2.789450
r = 2.6000, ene_fci =    -2.752435, ene_noci_uhf =    -2.752301, ene_noci_ump2_1 =    -2.752426, ene_noci_ucisd_1 =    -2.752430
r = 2.7000, ene_fci =    -2.718527, ene_noci_uhf =    -2.718437, ene_noci_ump2_1 =    -2.718522, ene_noci_ucisd_1 =    -2.718524
r = 2.8000, ene_fci =    -2.687314, ene_noci_uhf =    -2.687254, ene_noci_ump2_1 =    -2.687311, ene_noci_ucisd_1 =    -2.687312
r = 2.9000, ene_fci =    -2.658452, ene_noci_uhf =    -2.658412, ene_noci_ump2_1 =    -2.658450, ene_noci_ucisd_1 =    -2.658451


####################
m        = h4-square
basis    = sto-3g
dir_path = ./data/
h5_path  = ./data/h4-square-sto-3g.h5
r = 0.5000, ene_fci =    -6.371493, ene_noci_uhf =    -6.370497, ene_noci_ump2_1 =    -6.371468, ene_noci_ucisd_1 =    -6.368819
r = 0.6000, ene_fci =    -5.987582, ene_noci_uhf =    -5.985295, ene_noci_ump2_1 =    -5.987506, ene_noci_ucisd_1 =    -5.986425
r = 0.7000, ene_fci =    -5.632349, ene_noci_uhf =    -5.627816, ene_noci_ump2_1 =    -5.632103, ene_noci_ucisd_1 =    -5.632034
r = 0.8000, ene_fci =    -5.311127, ene_noci_uhf =    -5.303688, ene_noci_ump2_1 =    -5.310543, ene_noci_ucisd_1 =    -5.311024
r = 0.9000, ene_fci =    -5.030161, ene_noci_uhf =    -5.021583, ene_noci_ump2_1 =    -5.026974, ene_noci_ucisd_1 =    -5.030020
r = 1.0000, ene_fci =    -4.780185, ene_noci_uhf =    -4.774351, ene_noci_ump2_1 =    -4.777176, ene_noci_ucisd_1 =    -4.780008
r = 1.1000, ene_fci =    -4.556211, ene_noci_uhf =    -4.552674, ene_noci_ump2_1 =    -4.553532, ene_noci_ucisd_1 =    -4.556040
r = 1.2000, ene_fci =    -4.355115, ene_noci_uhf =    -4.353286, ene_noci_ump2_1 =    -4.352891, ene_noci_ucisd_1 =    -4.354975
r = 1.3000, ene_fci =    -4.174284, ene_noci_uhf =    -4.173541, ene_noci_ump2_1 =    -4.172592, ene_noci_ucisd_1 =    -4.174183
r = 1.4000, ene_fci =    -4.011565, ene_noci_uhf =    -4.011351, ene_noci_ump2_1 =    -4.010409, ene_noci_ucisd_1 =    -4.011503
r = 1.5000, ene_fci =    -3.865177, ene_noci_uhf =    -3.865077, ene_noci_ump2_1 =    -3.864485, ene_noci_ucisd_1 =    -3.865146
r = 1.6000, ene_fci =    -3.733613, ene_noci_uhf =    -3.733387, ene_noci_ump2_1 =    -3.733262, ene_noci_ucisd_1 =    -3.733600
r = 1.7000, ene_fci =    -3.615548, ene_noci_uhf =    -3.615118, ene_noci_ump2_1 =    -3.615406, ene_noci_ucisd_1 =    -3.615544
r = 1.8000, ene_fci =    -3.509764, ene_noci_uhf =    -3.509167, ene_noci_ump2_1 =    -3.509724, ene_noci_ucisd_1 =    -3.509760
r = 1.9000, ene_fci =    -3.415093, ene_noci_uhf =    -3.414417, ene_noci_ump2_1 =    -3.415088, ene_noci_ucisd_1 =    -3.415087
r = 2.0000, ene_fci =    -3.330389, ene_noci_uhf =    -3.329722, ene_noci_ump2_1 =    -3.330387, ene_noci_ucisd_1 =    -3.330380
r = 2.1000, ene_fci =    -3.254529, ene_noci_uhf =    -3.253933, ene_noci_ump2_1 =    -3.254522, ene_noci_ucisd_1 =    -3.254518
r = 2.2000, ene_fci =    -3.186434, ene_noci_uhf =    -3.185941, ene_noci_ump2_1 =    -3.186423, ene_noci_ucisd_1 =    -3.186424
r = 2.3000, ene_fci =    -3.125102, ene_noci_uhf =    -3.124714, ene_noci_ump2_1 =    -3.125088, ene_noci_ucisd_1 =    -3.125092
r = 2.4000, ene_fci =    -3.069624, ene_noci_uhf =    -3.069332, ene_noci_ump2_1 =    -3.069612, ene_noci_ucisd_1 =    -3.069616
r = 2.5000, ene_fci =    -3.019206, ene_noci_uhf =    -3.018993, ene_noci_ump2_1 =    -3.019196, ene_noci_ucisd_1 =    -3.019199
r = 2.6000, ene_fci =    -2.973164, ene_noci_uhf =    -2.973013, ene_noci_ump2_1 =    -2.973157, ene_noci_ucisd_1 =    -2.973160
r = 2.7000, ene_fci =    -2.930922, ene_noci_uhf =    -2.930816, ene_noci_ump2_1 =    -2.930917, ene_noci_ucisd_1 =    -2.930919
r = 2.8000, ene_fci =    -2.891995, ene_noci_uhf =    -2.891922, ene_noci_ump2_1 =    -2.891991, ene_noci_ucisd_1 =    -2.891992
r = 2.9000, ene_fci =    -2.855975, ene_noci_uhf =    -2.855925, ene_noci_ump2_1 =    -2.855972, ene_noci_ucisd_1 =    -2.855973


####################
m        = n2
basis    = sto-3g
dir_path = ./data/
h5_path  = ./data/n2-sto-3g.h5
Warning: noci reference energy is used instead of the minimum energy
   -152.486236479676 +       0.000000000000i
   -152.483874195705 +       0.000000000000i
r = 0.5000, ene_fci =  -152.470980, ene_noci_uhf =  -152.444833, ene_noci_ump2_1 =  -152.469843, ene_noci_ucisd_1 =  -152.470541
Warning: noci reference energy is used instead of the minimum energy
   -147.150581451669 +       0.000000000000i
   -147.148028042950 +       0.000000000000i
r = 0.6000, ene_fci =  -147.147872, ene_noci_uhf =  -147.114006, ene_noci_ump2_1 =  -147.146067, ene_noci_ucisd_1 =  -147.147050
r = 0.7000, ene_fci =  -142.807390, ene_noci_uhf =  -142.763412, ene_noci_ump2_1 =  -142.804400, ene_noci_ucisd_1 =  -142.805900
r = 0.8000, ene_fci =  -139.178412, ene_noci_uhf =  -139.125025, ene_noci_ump2_1 =  -139.174018, ene_noci_ucisd_1 =  -139.176006
Warning: imaginary part of noci energy is large
ene_noci = -135.91419046 -0.11623490i
r = 0.9000, ene_fci =  -136.103835, ene_noci_uhf =  -136.041586, ene_noci_ump2_1 =  -136.097960, ene_noci_ucisd_1 =  -136.100245
Warning: noci reference energy is used instead of the minimum energy
   -157.145167384759 +       0.000000000000i
   -133.470710773525 +       0.000000000000i
r = 1.0000, ene_fci =  -133.478984, ene_noci_uhf =  -133.408895, ene_noci_ump2_1 =  -133.468980, ene_noci_ucisd_1 =  -133.471792
Warning: noci reference energy is used instead of the minimum energy
   -131.540460684770 +       0.000040453347i
   -131.218330375226 +       0.000000000000i
r = 1.1000, ene_fci =  -131.226562, ene_noci_uhf =  -131.148562, ene_noci_ump2_1 =  -131.212746, ene_noci_ucisd_1 =  -131.218327
r = 1.2000, ene_fci =  -129.285409, ene_noci_uhf =  -129.202472, ene_noci_ump2_1 =  -129.266185, ene_noci_ucisd_1 =  -129.277273
Warning: noci reference energy is used instead of the minimum energy
   -128.691260530905 +       0.000000000000i
   -127.598810752679 +       0.000000000000i
r = 1.3000, ene_fci =  -127.605280, ene_noci_uhf =  -127.522478, ene_noci_ump2_1 =  -127.580396, ene_noci_ucisd_1 =  -127.598082
r = 1.4000, ene_fci =  -126.144377, ene_noci_uhf =  -126.067564, ene_noci_ump2_1 =  -126.115728, ene_noci_ucisd_1 =  -126.137494
Warning: noci reference energy is used instead of the minimum energy
   -125.486764730561 +       2.665040438361i
   -124.878311207616 +       0.000000000000i
r = 1.5000, ene_fci =  -124.868090, ene_noci_uhf =  -124.801952, ene_noci_ump2_1 =  -124.839070, ene_noci_ucisd_1 =  -124.861266
Warning: noci reference energy is used instead of the minimum energy
   -124.003204007831 +       0.242705766063i
   -123.694785481016 +       0.000000000000i
r = 1.6000, ene_fci =  -123.748138, ene_noci_uhf =  -123.702131, ene_noci_ump2_1 =  -123.725635, ene_noci_ucisd_1 =  -123.741630
r = 1.7000, ene_fci =  -122.761484, ene_noci_uhf =  -122.730169, ene_noci_ump2_1 =  -122.745443, ene_noci_ucisd_1 =  -122.754467
r = 1.8000, ene_fci =  -121.888837, ene_noci_uhf =  -121.869139, ene_noci_ump2_1 =  -121.878824, ene_noci_ucisd_1 =  -121.881603
r = 1.9000, ene_fci =  -121.113315, ene_noci_uhf =  -121.101544, ene_noci_ump2_1 =  -121.107650, ene_noci_ucisd_1 =  -121.107790
Warning: noci reference energy is used instead of the minimum energy
   -120.451681852199 +       0.000000000000i
   -120.418294060757 +       0.000000000000i
r = 2.0000, ene_fci =  -120.419997, ene_noci_uhf =  -120.413104, ene_noci_ump2_1 =  -120.416974, ene_noci_ucisd_1 =  -120.416545
Warning: noci reference energy is used instead of the minimum energy
   -119.886717061699 +       0.000000000000i
   -119.795158542169 +       0.000000000000i
r = 2.1000, ene_fci =  -119.796101, ene_noci_uhf =  -119.792036, ene_noci_ump2_1 =  -119.794518, ene_noci_ucisd_1 =  -119.794040
r = 2.2000, ene_fci =  -119.231078, ene_noci_uhf =  -119.228621, ene_noci_ump2_1 =  -119.230238, ene_noci_ucisd_1 =  -119.229835
r = 2.3000, ene_fci =  -118.716431, ene_noci_uhf =  -118.714895, ene_noci_ump2_1 =  -118.715967, ene_noci_ucisd_1 =  -118.715662
r = 2.4000, ene_fci =  -118.245341, ene_noci_uhf =  -118.244350, ene_noci_ump2_1 =  -118.245070, ene_noci_ucisd_1 =  -118.244852
r = 2.5000, ene_fci =  -117.812290, ene_noci_uhf =  -117.811633, ene_noci_ump2_1 =  -117.812122, ene_noci_ucisd_1 =  -117.811972
r = 2.6000, ene_fci =  -117.412740, ene_noci_uhf =  -117.412297, ene_noci_ump2_1 =  -117.412631, ene_noci_ucisd_1 =  -117.412530
r = 2.7000, ene_fci =  -117.042872, ene_noci_uhf =  -117.042597, ene_noci_ump2_1 =  -117.042827, ene_noci_ucisd_1 =  -117.042761
r = 2.8000, ene_fci =  -116.699467, ene_noci_uhf =  -116.699348, ene_noci_ump2_1 =  -116.699507, ene_noci_ucisd_1 =  -116.699464
r = 2.9000, ene_fci =  -116.379898, ene_noci_uhf =  -116.379810, ene_noci_ump2_1 =  -116.379921, ene_noci_ucisd_1 =  -116.379894
