 
:: initializing oneAPI environment ...
   slurm_script: BASH_VERSION = 4.2.46(1)-release
   args: Using "$@" for setvars.sh arguments: --force
:: advisor -- latest
:: ccl -- latest
:: clck -- latest
:: compiler -- latest
:: dal -- latest
:: debugger -- latest
:: dev-utilities -- latest
:: dnnl -- latest
:: dpcpp-ct -- latest
:: dpl -- latest
:: inspector -- latest
:: intelpython -- latest
:: ipp -- latest
:: ippcp -- latest
:: ipp -- latest
:: itac -- latest
:: mkl -- latest
:: mpi -- latest
:: tbb -- latest
:: vpl -- latest
:: vtune -- latest
:: oneAPI environment initialized ::
 


####################
m        = h2
basis    = sto-3g
dir_path = ./data/
h5_path  = ./data/h2-sto-3g-scf.h5
is_scf   = True
        #0        #1       
0       1.00000   1.00000
1       1.00000   1.00000
        #0        #1       
0      -2.10135  -2.10135
1      -2.10135  -2.10135
ene_noci =  [-2.1013507]
        #0        #1       
0       1.00253   1.00253
1       1.00253   1.00253
        #0        #1       
0      -2.11775  -2.11775
1      -2.11775  -2.11775
ene_noci =  [-2.11240745]
r = 0.5000, ene_fci =    -2.113514, ene_noci_uhf =    -2.101351, ene_noci_ump2_1 =    -2.112407
        #0        #1       
0       1.00000   1.00000
1       1.00000   1.00000
        #0        #1       
0      -2.02647  -2.02647
1      -2.02647  -2.02647
ene_noci =  [-2.02646992]
        #0        #1       
0       1.00307   1.00307
1       1.00307   1.00307
        #0        #1       
0      -2.04529  -2.04529
1      -2.04529  -2.04529
ene_noci =  [-2.03902455]
r = 0.5625, ene_fci =    -2.040428, ene_noci_uhf =    -2.026470, ene_noci_ump2_1 =    -2.039025
        #0        #1       
0       1.00000   1.00000
1       1.00000   1.00000
        #0        #1       
0      -1.95483  -1.95483
1      -1.95483  -1.95483
ene_noci =  [-1.95483353]
        #0        #1       
0       1.00372   1.00372
1       1.00372   1.00372
        #0        #1       
0      -1.97641  -1.97641
1      -1.97641  -1.97641
ene_noci =  [-1.96907664]
r = 0.6250, ene_fci =    -1.970844, ene_noci_uhf =    -1.954834, ene_noci_ump2_1 =    -1.969077
        #0        #1       
0       1.00000   1.00000
1       1.00000   1.00000
        #0        #1       
0      -1.88656  -1.88656
1      -1.88656  -1.88656
ene_noci =  [-1.88656018]
        #0        #1       
0       1.00450   1.00450
1       1.00450   1.00450
        #0        #1       
0      -1.91125  -1.91125
1      -1.91125  -1.91125
ene_noci =  [-1.9026915]
r = 0.6875, ene_fci =    -1.904900, ene_noci_uhf =    -1.886560, ene_noci_ump2_1 =    -1.902692
        #0        #1       
0       1.00000   1.00000
1       1.00000   1.00000
        #0        #1       
0      -1.82172  -1.82172
1      -1.82172  -1.82172
ene_noci =  [-1.82172106]
        #0        #1       
0       1.00541   1.00541
1       1.00541   1.00541
        #0        #1       
0      -1.84991  -1.84991
1      -1.84991  -1.84991
ene_noci =  [-1.83995194]
r = 0.7500, ene_fci =    -1.842687, ene_noci_uhf =    -1.821721, ene_noci_ump2_1 =    -1.839952
        #0        #1       
0       1.00000   1.00000
1       1.00000   1.00000
        #0        #1       
0      -1.76031  -1.76031
1      -1.76031  -1.76031
ene_noci =  [-1.76031063]
        #0        #1       
0       1.00648   1.00648
1       1.00648   1.00648
        #0        #1       
0      -1.79242  -1.79242
1      -1.79242  -1.79242
ene_noci =  [-1.7808679]
r = 0.8125, ene_fci =    -1.784225, ene_noci_uhf =    -1.760311, ene_noci_ump2_1 =    -1.780868
        #0        #1       
0       1.00000   1.00000
1       1.00000   1.00000
        #0        #1       
0      -1.70223  -1.70223
1      -1.70223  -1.70223
ene_noci =  [-1.70222828]
        #0        #1       
0       1.00774   1.00774
1       1.00774   1.00774
        #0        #1       
0      -1.73871  -1.73871
1      -1.73871  -1.73871
ene_noci =  [-1.72535891]
r = 0.8750, ene_fci =    -1.729446, ene_noci_uhf =    -1.702228, ene_noci_ump2_1 =    -1.725359
        #0        #1       
0       1.00000   1.00000
1       1.00000   1.00000
        #0        #1       
0      -1.64729  -1.64729
1      -1.64729  -1.64729
ene_noci =  [-1.64729393]
        #0        #1       
0       1.00920   1.00920
1       1.00920   1.00920
        #0        #1       
0      -1.68867  -1.68867
1      -1.68867  -1.68867
ene_noci =  [-1.6732693]
r = 0.9375, ene_fci =    -1.678207, ene_noci_uhf =    -1.647294, ene_noci_ump2_1 =    -1.673269
        #0        #1       
0       1.00000   1.00000
1       1.00000   1.00000
        #0        #1       
0      -1.59529  -1.59529
1      -1.59529  -1.59529
ene_noci =  [-1.59528586]
        #0        #1       
0       1.01091   1.01091
1       1.01091   1.01091
        #0        #1       
0      -1.64213  -1.64213
1      -1.64213  -1.64213
ene_noci =  [-1.62440461]
r = 1.0000, ene_fci =    -1.630328, ene_noci_uhf =    -1.595286, ene_noci_ump2_1 =    -1.624405
        #0        #1       
0       1.00000   1.00000
1       1.00000   1.00000
        #0        #1       
0      -1.54598  -1.54598
1      -1.54598  -1.54598
ene_noci =  [-1.54597999]
        #0        #1       
0       1.01291   1.01291
1       1.01291   1.01291
        #0        #1       
0      -1.59894  -1.59894
1      -1.59894  -1.59894
ene_noci =  [-1.5785691]
r = 1.0625, ene_fci =    -1.585626, ene_noci_uhf =    -1.545980, ene_noci_ump2_1 =    -1.578569
        #0        #1       
0       1.00000   1.00000
1       1.00000   1.00000
        #0        #1       
0      -1.49918  -1.49918
1      -1.49918  -1.49918
ene_noci =  [-1.49917677]
        #0        #1       
0       1.01523   1.01523
1       1.01523   1.01523
        #0        #1       
0      -1.55898  -1.55898
1      -1.55898  -1.55898
ene_noci =  [-1.53559073]
r = 1.1250, ene_fci =    -1.543943, ene_noci_uhf =    -1.499177, ene_noci_ump2_1 =    -1.535591
        #0        #1       
0       1.00000   0.89021
1       0.89021   1.00000
        #0        #1       
0      -1.45540  -1.31595
1      -1.31595  -1.45540
ene_noci =  [-1.46616093 -1.27015612]
        #0        #1       
0       1.01325   0.92729
1       0.92729   1.01325
        #0        #1       
0      -1.50715  -1.39796
1      -1.39796  -1.50715
ene_noci =  [-1.49705791 -1.27015612]
r = 1.1875, ene_fci =    -1.505145, ene_noci_uhf =    -1.466161, ene_noci_ump2_1 =    -1.497058
        #0        #1       
0       1.00000   0.71901
1       0.71901   1.00000
        #0        #1       
0      -1.41753  -1.06176
1      -1.06176  -1.41753
ene_noci =  [-1.44228122 -1.26612296]
        #0        #1       
0       1.00894   0.77857
1       0.77857   1.00894
        #0        #1       
0      -1.45319  -1.16151
1      -1.16151  -1.45319
ene_noci =  [-1.4627624  -1.26612296]
r = 1.2500, ene_fci =    -1.469125, ene_noci_uhf =    -1.442281, ene_noci_ump2_1 =    -1.462762
        #0        #1       
0       1.00000   0.58057
1       0.58057   1.00000
        #0        #1       
0      -1.38495  -0.85593
1      -0.85593  -1.38495
ene_noci =  [-1.41776456 -1.26126821]
        #0        #1       
0       1.00601   0.64912
1       0.64912   1.00601
        #0        #1       
0      -1.40934  -0.95920
1      -0.95920  -1.40934
ene_noci =  [-1.43102844 -1.26126821]
r = 1.3125, ene_fci =    -1.435789, ene_noci_uhf =    -1.417765, ene_noci_ump2_1 =    -1.431028
        #0        #1       
0       1.00000   0.46865
1       0.46865   1.00000
        #0        #1       
0      -1.35672  -0.68947
1      -0.68947  -1.35672
ene_noci =  [-1.39324306 -1.25576248]
        #0        #1       
0       1.00404   0.53807
1       0.53807   1.00404
        #0        #1       
0      -1.37331  -0.78817
1      -0.78817  -1.37331
ene_noci =  [-1.40163827 -1.25576248]
r = 1.3750, ene_fci =    -1.405045, ene_noci_uhf =    -1.393243, ene_noci_ump2_1 =    -1.401638
        #0        #1       
0       1.00000   0.37819
1       0.37819   1.00000
        #0        #1       
0      -1.33210  -0.55499
1      -0.55499  -1.33210
ene_noci =  [-1.36925655 -1.24975343]
        #0        #1       
0       1.00271   0.44390
1       0.44390   1.00271
        #0        #1       
0      -1.34333  -0.64496
1      -0.64496  -1.34333
ene_noci =  [-1.37445415 -1.24975343]
r = 1.4375, ene_fci =    -1.376796, ene_noci_uhf =    -1.369257, ene_noci_ump2_1 =    -1.374454
        #0        #1       
0       1.00000   0.30511
1       0.30511   1.00000
        #0        #1       
0      -1.31049  -0.44648
1      -0.44648  -1.31049
ene_noci =  [-1.34623018 -1.24336959]
        #0        #1       
0       1.00181   0.36476
1       0.36476   1.00181
        #0        #1       
0      -1.31805  -0.52597
1      -0.52597  -1.31805
ene_noci =  [-1.34938159 -1.24336959]
r = 1.5000, ene_fci =    -1.350934, ene_noci_uhf =    -1.346230, ene_noci_ump2_1 =    -1.349382
        #0        #1       
0       1.00000   0.24608
1       0.24608   1.00000
        #0        #1       
0      -1.29139  -0.35900
1      -0.35900  -1.29139
ene_noci =  [-1.32446685 -1.23672222]
        #0        #1       
0       1.00121   0.29874
1       0.29874   1.00121
        #0        #1       
0      -1.29646  -0.42771
1      -0.42771  -1.29646
ene_noci =  [-1.32634084 -1.23672222]
r = 1.5625, ene_fci =    -1.327336, ene_noci_uhf =    -1.324467, ene_noci_ump2_1 =    -1.326341
        #0        #1       
0       1.00000   0.19842
1       0.19842   1.00000
        #0        #1       
0      -1.27440  -0.28853
1      -0.28853  -1.27440
ene_noci =  [-1.3041534  -1.22990661]
        #0        #1       
0       1.00080   0.24399
1       0.24399   1.00080
        #0        #1       
0      -1.27779  -0.34698
1      -0.34698  -1.27779
ene_noci =  [-1.30524807 -1.22990661]
r = 1.6250, ene_fci =    -1.305867, ene_noci_uhf =    -1.304153, ene_noci_ump2_1 =    -1.305248
        #0        #1       
0       1.00000   0.15994
1       0.15994   1.00000
        #0        #1       
0      -1.25918  -0.23179
1      -0.23179  -1.25918
ene_noci =  [-1.2853766  -1.22300323]
        #0        #1       
0       1.00053   0.19881
1       0.19881   1.00053
        #0        #1       
0      -1.26144  -0.28092
1      -0.28092  -1.26144
ene_noci =  [-1.28600576 -1.22300323]
r = 1.6875, ene_fci =    -1.286380, ene_noci_uhf =    -1.285377, ene_noci_ump2_1 =    -1.286006
        #0        #1       
0       1.00000   0.12889
1       0.12889   1.00000
        #0        #1       
0      -1.24547  -0.18612
1      -0.18612  -1.24547
ene_noci =  [-1.26814399 -1.21607912]
        #0        #1       
0       1.00035   0.16166
1       0.16166   1.00035
        #0        #1       
0      -1.24697  -0.22705
1      -0.22705  -1.24697
ene_noci =  [-1.26850037 -1.21607912]
r = 1.7500, ene_fci =    -1.268722, ene_noci_uhf =    -1.268144, ene_noci_ump2_1 =    -1.268500
        #0        #1       
0       1.00000   0.10383
1       0.10383   1.00000
        #0        #1       
0      -1.23304  -0.14940
1      -0.14940  -1.23304
ene_noci =  [-1.25240548 -1.2091893 ]
        #0        #1       
0       1.00023   0.13122
1       0.13122   1.00023
        #0        #1       
0      -1.23403  -0.18323
1      -0.18323  -1.23403
ene_noci =  [-1.25260474 -1.2091893 ]
r = 1.8125, ene_fci =    -1.252732, ene_noci_uhf =    -1.252405, ene_noci_ump2_1 =    -1.252605
        #0        #1       
0       1.00000   0.08361
1       0.08361   1.00000
        #0        #1       
0      -1.22172  -0.11986
1      -0.11986  -1.22172
ene_noci =  [-1.23807288 -1.20237823]
        #0        #1       
0       1.00015   0.10634
1       0.10634   1.00015
        #0        #1       
0      -1.22237  -0.14767
1      -0.14767  -1.22237
ene_noci =  [-1.238183   -1.20237823]
r = 1.8750, ene_fci =    -1.238255, ene_noci_uhf =    -1.238073, ene_noci_ump2_1 =    -1.238183
        #0        #1       
0       1.00000   0.06729
1       0.06729   1.00000
        #0        #1       
0      -1.21135  -0.09613
1      -0.09613  -1.21135
ene_noci =  [-1.225036   -1.19568127]
        #0        #1       
0       1.00010   0.08605
1       0.08605   1.00010
        #0        #1       
0      -1.21178  -0.11887
1      -0.11887  -1.21178
ene_noci =  [-1.22509623 -1.19568127]
r = 1.9375, ene_fci =    -1.225136, ene_noci_uhf =    -1.225036, ene_noci_ump2_1 =    -1.225096
        #0        #1       
0       1.00000   0.05414
1       0.05414   1.00000
        #0        #1       
0      -1.20180  -0.07705
1      -0.07705  -1.20180
ene_noci =  [-1.213175   -1.18912592]
        #0        #1       
0       1.00007   0.06954
1       0.06954   1.00007
        #0        #1       
0      -1.20208  -0.09558
1      -0.09558  -1.20208
ene_noci =  [-1.21320764 -1.18912592]
r = 2.0000, ene_fci =    -1.213230, ene_noci_uhf =    -1.213175, ene_noci_ump2_1 =    -1.213208
        #0        #1       
0       1.00000   0.04353
1       0.04353   1.00000
        #0        #1       
0      -1.19298  -0.06173
1      -0.06173  -1.19298
ene_noci =  [-1.20236913 -1.18273304]
        #0        #1       
0       1.00004   0.05613
1       0.05613   1.00004
        #0        #1       
0      -1.19316  -0.07677
1      -0.07677  -1.19316
ene_noci =  [-1.20238668 -1.18273304]
r = 2.0625, ene_fci =    -1.202399, ene_noci_uhf =    -1.202369, ene_noci_ump2_1 =    -1.202387
        #0        #1       
0       1.00000   0.03498
1       0.03498   1.00000
        #0        #1       
0      -1.18479  -0.04942
1      -0.04942  -1.18479
ene_noci =  [-1.19250254 -1.17651786]
        #0        #1       
0       1.00003   0.04525
1       0.04525   1.00003
        #0        #1       
0      -1.18491  -0.06160
1      -0.06160  -1.18491
ene_noci =  [-1.19251191 -1.17651786]
r = 2.1250, ene_fci =    -1.192518, ene_noci_uhf =    -1.192503, ene_noci_ump2_1 =    -1.192512
        #0        #1       
0       1.00000   0.02808
1       0.02808   1.00000
        #0        #1       
0      -1.17716  -0.03954
1      -0.03954  -1.17716
ene_noci =  [-1.18346771 -1.1704909 ]
        #0        #1       
0       1.00002   0.03643
1       0.03643   1.00002
        #0        #1       
0      -1.17724  -0.04937
1      -0.04937  -1.17724
ene_noci =  [-1.18347267 -1.1704909 ]
r = 2.1875, ene_fci =    -1.183476, ene_noci_uhf =    -1.183468, ene_noci_ump2_1 =    -1.183473
        #0        #1       
0       1.00000   0.02253
1       0.02253   1.00000
        #0        #1       
0      -1.17003  -0.03161
1      -0.03161  -1.17003
ene_noci =  [-1.17516719 -1.16465876]
        #0        #1       
0       1.00001   0.02929
1       0.02929   1.00001
        #0        #1       
0      -1.17008  -0.03953
1      -0.03953  -1.17008
ene_noci =  [-1.1751698  -1.16465876]
r = 2.2500, ene_fci =    -1.175172, ene_noci_uhf =    -1.175167, ene_noci_ump2_1 =    -1.175170
        #0        #1       
0       1.00000   0.01805
1       0.01805   1.00000
        #0        #1       
0      -1.16335  -0.02525
1      -0.02525  -1.16335
ene_noci =  [-1.16751423 -1.15902483]
        #0        #1       
0       1.00001   0.02352
1       0.02352   1.00001
        #0        #1       
0      -1.16338  -0.03161
1      -0.03161  -1.16338
ene_noci =  [-1.16751559 -1.15902483]
r = 2.3125, ene_fci =    -1.167517, ene_noci_uhf =    -1.167514, ene_noci_ump2_1 =    -1.167516
        #0        #1       
0       1.00000   0.01445
1       0.01445   1.00000
        #0        #1       
0      -1.15706  -0.02014
1      -0.02014  -1.15706
ene_noci =  [-1.1604325  -1.15358988]
        #0        #1       
0       1.00001   0.01886
1       0.01886   1.00001
        #0        #1       
0      -1.15708  -0.02524
1      -0.02524  -1.15708
ene_noci =  [-1.16043321 -1.15358988]
r = 2.3750, ene_fci =    -1.160434, ene_noci_uhf =    -1.160433, ene_noci_ump2_1 =    -1.160433
        #0        #1       
0       1.00000   0.01155
1       0.01155   1.00000
        #0        #1       
0      -1.15114  -0.01605
1      -0.01605  -1.15114
ene_noci =  [-1.15385548 -1.14835258]
        #0        #1       
0       1.00000   0.01510
1       0.01510   1.00000
        #0        #1       
0      -1.15115  -0.02013
1      -0.02013  -1.15115
ene_noci =  [-1.15385585 -1.14835258]
r = 2.4375, ene_fci =    -1.153856, ene_noci_uhf =    -1.153855, ene_noci_ump2_1 =    -1.153856
        #0        #1       
0       1.00000   0.00922
1       0.00922   1.00000
        #0        #1       
0      -1.14554  -0.01277
1      -0.01277  -1.14554
ene_noci =  [-1.14772549 -1.14330997]
        #0        #1       
0       1.00000   0.01207
1       0.01207   1.00000
        #0        #1       
0      -1.14555  -0.01603
1      -0.01603  -1.14555
ene_noci =  [-1.14772568 -1.14330997]
r = 2.5000, ene_fci =    -1.147726, ene_noci_uhf =    -1.147725, ene_noci_ump2_1 =    -1.147726
        #0        #1       
0       1.00000   0.00735
1       0.00735   1.00000
        #0        #1       
0      -1.14024  -0.01014
1      -0.01014  -1.14024
ene_noci =  [-1.14199273 -1.13845781]
        #0        #1       
0       1.00000   0.00963
1       0.00963   1.00000
        #0        #1       
0      -1.14024  -0.01274
1      -0.01274  -1.14024
ene_noci =  [-1.14199283 -1.13845781]
r = 2.5625, ene_fci =    -1.141993, ene_noci_uhf =    -1.141993, ene_noci_ump2_1 =    -1.141993
        #0        #1       
0       1.00000   0.00584
1       0.00584   1.00000
        #0        #1       
0      -1.13521  -0.00804
1      -0.00804  -1.13521
ene_noci =  [-1.13661425 -1.13379091]
        #0        #1       
0       1.00000   0.00766
1       0.00766   1.00000
        #0        #1       
0      -1.13521  -0.01011
1      -0.01011  -1.13521
ene_noci =  [-1.1366143  -1.13379091]
r = 2.6250, ene_fci =    -1.136614, ene_noci_uhf =    -1.136614, ene_noci_ump2_1 =    -1.136614
        #0        #1       
0       1.00000   0.00464
1       0.00464   1.00000
        #0        #1       
0      -1.13043  -0.00637
1      -0.00637  -1.13043
ene_noci =  [-1.13155301 -1.12930342]
        #0        #1       
0       1.00000   0.00609
1       0.00609   1.00000
        #0        #1       
0      -1.13044  -0.00801
1      -0.00801  -1.13044
ene_noci =  [-1.13155304 -1.12930342]
r = 2.6875, ene_fci =    -1.131553, ene_noci_uhf =    -1.131553, ene_noci_ump2_1 =    -1.131553
        #0        #1       
0       1.00000   0.00367
1       0.00367   1.00000
        #0        #1       
0      -1.12589  -0.00503
1      -0.00503  -1.12589
ene_noci =  [-1.12677704 -1.12498903]
        #0        #1       
0       1.00000   0.00483
1       0.00483   1.00000
        #0        #1       
0      -1.12589  -0.00633
1      -0.00633  -1.12589
ene_noci =  [-1.12677706 -1.12498903]
r = 2.7500, ene_fci =    -1.126777, ene_noci_uhf =    -1.126777, ene_noci_ump2_1 =    -1.126777
        #0        #1       
0       1.00000   0.00290
1       0.00290   1.00000
        #0        #1       
0      -1.12155  -0.00396
1      -0.00396  -1.12155
ene_noci =  [-1.12225868 -1.12084114]
        #0        #1       
0       1.00000   0.00382
1       0.00382   1.00000
        #0        #1       
0      -1.12155  -0.00499
1      -0.00499  -1.12155
ene_noci =  [-1.12225869 -1.12084114]
r = 2.8125, ene_fci =    -1.122259, ene_noci_uhf =    -1.122259, ene_noci_ump2_1 =    -1.122259
        #0        #1       
0       1.00000   0.00229
1       0.00229   1.00000
        #0        #1       
0      -1.11741  -0.00312
1      -0.00312  -1.11741
ene_noci =  [-1.11797392 -1.116853  ]
        #0        #1       
0       1.00000   0.00301
1       0.00301   1.00000
        #0        #1       
0      -1.11742  -0.00392
1      -0.00392  -1.11742
ene_noci =  [-1.11797392 -1.116853  ]
r = 2.8750, ene_fci =    -1.117974, ene_noci_uhf =    -1.117974, ene_noci_ump2_1 =    -1.117974
        #0        #1       
0       1.00000   0.00180
1       0.00180   1.00000
        #0        #1       
0      -1.11346  -0.00244
1      -0.00244  -1.11346
ene_noci =  [-1.11390186 -1.11301783]
        #0        #1       
0       1.00000   0.00237
1       0.00237   1.00000
        #0        #1       
0      -1.11346  -0.00308
1      -0.00308  -1.11346
ene_noci =  [-1.11390186 -1.11301783]
r = 2.9375, ene_fci =    -1.113902, ene_noci_uhf =    -1.113902, ene_noci_ump2_1 =    -1.113902
        #0        #1       
0       1.00000   0.00141
1       0.00141   1.00000
        #0        #1       
0      -1.10968  -0.00191
1      -0.00191  -1.10968
ene_noci =  [-1.11002425 -1.1093289 ]
        #0        #1       
0       1.00000   0.00186
1       0.00186   1.00000
        #0        #1       
0      -1.10968  -0.00241
1      -0.00241  -1.10968
ene_noci =  [-1.11002425 -1.1093289 ]
r = 3.0000, ene_fci =    -1.110024, ene_noci_uhf =    -1.110024, ene_noci_ump2_1 =    -1.110024
