 
:: initializing oneAPI environment ...
   slurm_script: BASH_VERSION = 4.2.46(1)-release
   args: Using "$@" for setvars.sh arguments: --force
:: advisor -- latest
:: ccl -- latest
:: clck -- latest
:: compiler -- latest
:: dal -- latest
:: debugger -- latest
:: dev-utilities -- latest
:: dnnl -- latest
:: dpcpp-ct -- latest
:: dpl -- latest
:: inspector -- latest
:: intelpython -- latest
:: ipp -- latest
:: ippcp -- latest
:: ipp -- latest
:: itac -- latest
:: mkl -- latest
:: mpi -- latest
:: tbb -- latest
:: vpl -- latest
:: vtune -- latest
:: oneAPI environment initialized ::
 


####################
m        = h2
basis    = cc-pvdz
dir_path = ./data/
h5_path  = ./data/h2-cc-pvdz.h5
is_scf   = False

Singular values = 
 1.8436e+00,  1.5639e-01


Singular values = 
 1.9915e+00,  5.2019e-02


Singular values = 
 1.9107e+00,  8.9316e-02

0.5000,    -2.137724,    -2.114176,    -2.135431,    -2.131304

Singular values = 
 1.7969e+00,  2.0312e-01


Singular values = 
 1.9743e+00,  7.5162e-02


Singular values = 
 1.8776e+00,  1.2240e-01

0.5625,    -2.063402,    -2.040367,    -2.060941,    -2.057054

Singular values = 
 1.7450e+00,  2.5495e-01


Singular values = 
 1.9499e+00,  1.0463e-01


Singular values = 
 1.8381e+00,  1.6185e-01

0.6250,    -1.993928,    -1.971355,    -1.991368,    -1.987759

Singular values = 
 1.6892e+00,  3.1080e-01


Singular values = 
 1.9176e+00,  1.4084e-01


Singular values = 
 1.7926e+00,  2.0741e-01

0.6875,    -1.929249,    -1.906973,    -1.926665,    -1.923311

Singular values = 
 1.6306e+00,  3.6941e-01


Singular values = 
 1.8772e+00,  1.8384e-01


Singular values = 
 1.7416e+00,  2.5842e-01

0.7500,    -1.869163,    -1.846922,    -1.866624,    -1.863443

Singular values = 
 1.5706e+00,  4.2936e-01


Singular values = 
 1.8292e+00,  2.3314e-01


Singular values = 
 1.6862e+00,  3.1385e-01

0.8125,    -1.813402,    -1.790857,    -1.810951,    -1.807808

Singular values = 
 1.5109e+00,  4.8914e-01


Singular values = 
 1.7747e+00,  2.8772e-01


Singular values = 
 1.6277e+00,  3.7226e-01

0.8750,    -1.761678,    -1.738445,    -1.759319,    -1.756048

Singular values = 
 1.4527e+00,  5.4735e-01


Singular values = 
 1.7154e+00,  3.4614e-01


Singular values = 
 1.5680e+00,  4.3204e-01

0.9375,    -1.713714,    -1.689414,    -1.711403,    -1.707829

Singular values = 
 1.3972e+00,  6.0279e-01


Singular values = 
 1.6532e+00,  4.0669e-01


Singular values = 
 1.5084e+00,  4.9160e-01

1.0000,    -1.669251,    -1.643556,    -1.666902,    -1.662867

Singular values = 
 1.3454e+00,  6.5456e-01


Singular values = 
 1.5900e+00,  4.6767e-01


Singular values = 
 1.4505e+00,  5.4946e-01

1.0625,    -1.628051,    -1.600724,    -1.625549,    -1.620933

Singular values = 
 1.2980e+00,  7.0204e-01


Singular values = 
 1.5278e+00,  5.2745e-01


Singular values = 
 1.3956e+00,  6.0443e-01

1.1250,    -1.589895,    -1.560816,    -1.587111,    -1.581847

Singular values = 
 1.2551e+00,  7.4490e-01


Singular values = 
 1.4679e+00,  5.8471e-01


Singular values = 
 1.3444e+00,  6.5564e-01

1.1875,    -1.554576,    -1.523756,    -1.551395,    -1.545467

Singular values = 
 1.2169e+00,  7.8306e-01


Singular values = 
 1.4117e+00,  6.3843e-01


Singular values = 
 1.2975e+00,  7.0251e-01

1.2500,    -1.521905,    -1.489473,    -1.518238,    -1.511683

Singular values = 
 1.1834e+00,  8.1662e-01


Singular values = 
 1.3598e+00,  6.8793e-01


Singular values = 
 1.2552e+00,  7.4475e-01

1.3125,    -1.491702,    -1.457891,    -1.487504,    -1.480399

Singular values = 
 1.1542e+00,  8.4582e-01


Singular values = 
 1.3127e+00,  7.3282e-01


Singular values = 
 1.2177e+00,  7.8233e-01

1.3750,    -1.463803,    -1.428918,    -1.459072,    -1.451523

Singular values = 
 1.1290e+00,  8.7099e-01


Singular values = 
 1.2705e+00,  7.7300e-01


Singular values = 
 1.1846e+00,  8.1537e-01

1.4375,    -1.438056,    -1.402438,    -1.432834,    -1.424958

Singular values = 
 1.1075e+00,  8.9251e-01


Singular values = 
 1.2332e+00,  8.0854e-01


Singular values = 
 1.1559e+00,  8.4414e-01

1.5000,    -1.414320,    -1.378318,    -1.408685,    -1.400600

Singular values = 
 1.0892e+00,  9.1078e-01


Singular values = 
 1.2005e+00,  8.3966e-01


Singular values = 
 1.1310e+00,  8.6897e-01

1.5625,    -1.392463,    -1.356404,    -1.386514,    -1.378331

Singular values = 
 1.0738e+00,  9.2619e-01


Singular values = 
 1.1721e+00,  8.6668e-01


Singular values = 
 1.1098e+00,  8.9024e-01

1.6250,    -1.372363,    -1.336532,    -1.366208,    -1.358020

Singular values = 
 1.0609e+00,  9.3912e-01


Singular values = 
 1.1476e+00,  8.8997e-01


Singular values = 
 1.0916e+00,  9.0835e-01

1.6875,    -1.353900,    -1.318528,    -1.347646,    -1.339528

Singular values = 
 1.0501e+00,  9.4991e-01


Singular values = 
 1.1266e+00,  9.0992e-01


Singular values = 
 1.0763e+00,  9.2369e-01

1.7500,    -1.336959,    -1.302219,    -1.330702,    -1.322710

Singular values = 
 1.0411e+00,  9.5889e-01


Singular values = 
 1.1087e+00,  9.2692e-01


Singular values = 
 1.0634e+00,  9.3661e-01

1.8125,    -1.321427,    -1.287437,    -1.315247,    -1.307418

Singular values = 
 1.0337e+00,  9.6633e-01


Singular values = 
 1.0935e+00,  9.4133e-01


Singular values = 
 1.0525e+00,  9.4745e-01

1.8750,    -1.307192,    -1.274020,    -1.301150,    -1.293509

Singular values = 
 1.0275e+00,  9.7247e-01


Singular values = 
 1.0806e+00,  9.5352e-01


Singular values = 
 1.0435e+00,  9.5653e-01

1.9375,    -1.294145,    -1.261818,    -1.288286,    -1.280842

Singular values = 
 1.0225e+00,  9.7753e-01


Singular values = 
 1.0698e+00,  9.6378e-01


Singular values = 
 1.0359e+00,  9.6409e-01

2.0000,    -1.282183,    -1.250694,    -1.276533,    -1.269287

Singular values = 
 1.0183e+00,  9.8169e-01


Singular values = 
 1.0607e+00,  9.7240e-01


Singular values = 
 1.0296e+00,  9.7039e-01

2.0625,    -1.271204,    -1.240523,    -1.265777,    -1.258723

Singular values = 
 1.0149e+00,  9.8510e-01


Singular values = 
 1.0530e+00,  9.7962e-01


Singular values = 
 1.0244e+00,  9.7561e-01

2.1250,    -1.261113,    -1.231194,    -1.255911,    -1.249041

Singular values = 
 1.0121e+00,  9.8788e-01


Singular values = 
 1.0466e+00,  9.8565e-01


Singular values = 
 1.0201e+00,  9.7994e-01

2.1875,    -1.251824,    -1.222608,    -1.246841,    -1.240141

Singular values = 
 1.0098e+00,  9.9016e-01


Singular values = 
 1.0413e+00,  9.9069e-01


Singular values = 
 1.0165e+00,  9.8352e-01

2.2500,    -1.243255,    -1.214679,    -1.238479,    -1.231935

Singular values = 
 1.0080e+00,  9.9202e-01


Singular values = 
 1.0368e+00,  9.9489e-01


Singular values = 
 1.0135e+00,  9.8647e-01

2.3125,    -1.235332,    -1.207332,    -1.230747,    -1.224344

Singular values = 
 1.0065e+00,  9.9354e-01


Singular values = 
 1.0331e+00,  9.9838e-01


Singular values = 
 1.0111e+00,  9.8891e-01

2.3750,    -1.227987,    -1.200500,    -1.223578,    -1.217302

Singular values = 
 1.0052e+00,  9.9477e-01


Singular values = 
 1.0300e+00,  1.0013e+00


Singular values = 
 1.0091e+00,  9.9092e-01

2.4375,    -1.221161,    -1.194126,    -1.216909,    -1.210746

Singular values = 
 1.0042e+00,  9.9577e-01


Singular values = 
 1.0274e+00,  1.0037e+00


Singular values = 
 1.0074e+00,  9.9256e-01

2.5000,    -1.214800,    -1.188161,    -1.210688,    -1.204624

Singular values = 
 1.0034e+00,  9.9658e-01


Singular values = 
 1.0253e+00,  1.0057e+00


Singular values = 
 1.0061e+00,  9.9392e-01

2.5625,    -1.208856,    -1.182562,    -1.204867,    -1.198891

Singular values = 
 1.0028e+00,  9.9724e-01


Singular values = 
 1.0235e+00,  1.0073e+00


Singular values = 
 1.0050e+00,  9.9503e-01

2.6250,    -1.203288,    -1.177291,    -1.199406,    -1.193506

Singular values = 
 1.0022e+00,  9.9777e-01


Singular values = 
 1.0221e+00,  1.0087e+00


Singular values = 
 1.0041e+00,  9.9594e-01

2.6875,    -1.198057,    -1.172317,    -1.194268,    -1.188434

Singular values = 
 1.0018e+00,  9.9820e-01


Singular values = 
 1.0208e+00,  1.0098e+00


Singular values = 
 1.0033e+00,  9.9669e-01

2.7500,    -1.193131,    -1.167611,    -1.189423,    -1.183646

Singular values = 
 1.0014e+00,  9.9855e-01


Singular values = 
 1.0198e+00,  1.0108e+00


Singular values = 
 1.0027e+00,  9.9730e-01

2.8125,    -1.188480,    -1.163149,    -1.184841,    -1.179113

Singular values = 
 1.0012e+00,  9.9883e-01


Singular values = 
 1.0190e+00,  1.0115e+00


Singular values = 
 1.0022e+00,  9.9780e-01

2.8750,    -1.184080,    -1.158909,    -1.180500,    -1.174814

Singular values = 
 1.0009e+00,  9.9906e-01


Singular values = 
 1.0183e+00,  1.0121e+00


Singular values = 
 1.0018e+00,  9.9820e-01

2.9375,    -1.179908,    -1.154873,    -1.176377,    -1.170727

Singular values = 
 1.0008e+00,  9.9924e-01


Singular values = 
 1.0177e+00,  1.0127e+00


Singular values = 
 1.0015e+00,  9.9854e-01

3.0000,    -1.175943,    -1.151024,    -1.172455,    -1.166835


####################
m        = h2
basis    = cc-pvdz
dir_path = ./data/
h5_path  = ./data/h2-cc-pvdz-scf.h5
is_scf   = True

Singular values = 
 2.0000e+00,  1.9408e-16

tol = 1.0000e-08, trunc_err = 3.1402e-16: 2 -> 1

Singular values = 
 2.0136e+00,  3.3584e-16

tol = 1.0000e-08, trunc_err = 8.5998e-16: 2 -> 1

Singular values = 
 2.0000e+00,  1.9408e-16

tol = 1.0000e-02, trunc_err = 3.1402e-16: 2 -> 1
0.5000,    -2.137724,    -2.107155,    -2.136097,    -2.131117

Singular values = 
 2.0000e+00,  1.1069e-15

tol = 1.0000e-08, trunc_err = 1.2060e-15: 2 -> 1

Singular values = 
 2.0147e+00,  4.5872e-16

tol = 1.0000e-08, trunc_err = 8.3081e-16: 2 -> 1

Singular values = 
 2.0000e+00,  7.0878e-16

tol = 1.0000e-02, trunc_err = 6.5682e-16: 2 -> 1
0.5625,    -2.063402,    -2.031758,    -2.061610,    -2.056402

Singular values = 
 2.0000e+00,  1.5073e-14

tol = 1.0000e-08, trunc_err = 1.5159e-14: 2 -> 1

Singular values = 
 2.0158e+00,  5.1308e-15

tol = 1.0000e-08, trunc_err = 5.1311e-15: 2 -> 1

Singular values = 
 2.0000e+00,  9.0843e-15

tol = 1.0000e-02, trunc_err = 9.0481e-15: 2 -> 1
0.6250,    -1.993928,    -1.961225,    -1.991944,    -1.986509

Singular values = 
 2.0000e+00,  3.3547e-17

tol = 1.0000e-08, trunc_err = 4.1541e-16: 2 -> 1

Singular values = 
 2.0170e+00,  2.1692e-17

tol = 1.0000e-08, trunc_err = 3.8459e-16: 2 -> 1

Singular values = 
 2.0000e+00,  3.3547e-17

tol = 1.0000e-02, trunc_err = 4.1541e-16: 2 -> 1
0.6875,    -1.929249,    -1.895483,    -1.927036,    -1.921371

Singular values = 
 2.0000e+00,  3.3547e-17

tol = 1.0000e-08, trunc_err = 5.9787e-16: 2 -> 1

Singular values = 
 2.0183e+00,  5.5856e-17

tol = 1.0000e-08, trunc_err = 5.8747e-16: 2 -> 1

Singular values = 
 2.0000e+00,  3.3547e-17

tol = 1.0000e-02, trunc_err = 5.9787e-16: 2 -> 1
0.7500,    -1.869163,    -1.834313,    -1.866676,    -1.860775

Singular values = 
 2.0000e+00,  6.0453e-15

tol = 1.0000e-08, trunc_err = 6.2863e-15: 2 -> 1

Singular values = 
 2.0198e+00,  2.8144e-15

tol = 1.0000e-08, trunc_err = 2.9290e-15: 2 -> 1

Singular values = 
 2.0000e+00,  3.9192e-15

tol = 1.0000e-02, trunc_err = 4.0030e-15: 2 -> 1
0.8125,    -1.813402,    -1.777421,    -1.810586,    -1.804439

Singular values = 
 2.0000e+00,  5.0581e-14

tol = 1.0000e-08, trunc_err = 5.0632e-14: 2 -> 1

Singular values = 
 2.0214e+00,  2.5846e-14

tol = 1.0000e-08, trunc_err = 2.5882e-14: 2 -> 1

Singular values = 
 2.0000e+00,  3.5984e-14

tol = 1.0000e-02, trunc_err = 3.6028e-14: 2 -> 1
0.8750,    -1.761678,    -1.724495,    -1.758469,    -1.752063

Singular values = 
 2.0000e+00,  4.9327e-17

tol = 1.0000e-08, trunc_err = 4.2999e-16: 2 -> 1

Singular values = 
 2.0231e+00,  2.5963e-16

tol = 1.0000e-08, trunc_err = 5.8747e-16: 2 -> 1

Singular values = 
 2.0000e+00,  4.9327e-17

tol = 1.0000e-02, trunc_err = 4.2999e-16: 2 -> 1
0.9375,    -1.713714,    -1.675228,    -1.710037,    -1.703354

Singular values = 
 2.0000e+00,  9.5859e-13

tol = 1.0000e-08, trunc_err = 9.5873e-13: 2 -> 1

Singular values = 
 2.0251e+00,  5.8058e-13

tol = 1.0000e-08, trunc_err = 5.8054e-13: 2 -> 1

Singular values = 
 2.0000e+00,  7.4369e-13

tol = 1.0000e-02, trunc_err = 7.4379e-13: 2 -> 1
1.0000,    -1.669251,    -1.629331,    -1.665022,    -1.658037

Singular values = 
 2.0000e+00,  4.6084e-14

tol = 1.0000e-08, trunc_err = 4.6133e-14: 2 -> 1

Singular values = 
 2.0272e+00,  2.9895e-14

tol = 1.0000e-08, trunc_err = 2.9876e-14: 2 -> 1

Singular values = 
 2.0000e+00,  3.7192e-14

tol = 1.0000e-02, trunc_err = 3.7258e-14: 2 -> 1
1.0625,    -1.628051,    -1.586535,    -1.623175,    -1.615858

Singular values = 
 2.0000e+00,  2.6211e-12

tol = 1.0000e-08, trunc_err = 2.6212e-12: 2 -> 1

Singular values = 
 2.0296e+00,  1.8721e-12

tol = 1.0000e-08, trunc_err = 1.8722e-12: 2 -> 1

Singular values = 
 2.0000e+00,  2.2095e-12

tol = 1.0000e-02, trunc_err = 2.2095e-12: 2 -> 1
1.1250,    -1.589895,    -1.546590,    -1.584264,    -1.576581

Singular values = 
 2.0000e+00,  5.5027e-12

tol = 1.0000e-08, trunc_err = 5.5027e-12: 2 -> 1

Singular values = 
 2.0324e+00,  4.2590e-12

tol = 1.0000e-08, trunc_err = 4.2590e-12: 2 -> 1

Singular values = 
 2.0000e+00,  4.8292e-12

tol = 1.0000e-02, trunc_err = 4.8291e-12: 2 -> 1
1.1875,    -1.554576,    -1.509263,    -1.548075,    -1.539985

Singular values = 
 1.8863e+00,  1.1374e-01


Singular values = 
 1.9350e+00,  9.2908e-02


Singular values = 
 1.8974e+00,  1.0258e-01

1.2500,    -1.521905,    -1.482843,    -1.516140,    -1.509272

Singular values = 
 1.7332e+00,  2.6682e-01


Singular values = 
 1.7957e+00,  2.2537e-01


Singular values = 
 1.7552e+00,  2.4481e-01

1.3125,    -1.491702,    -1.461778,    -1.487464,    -1.482374

Singular values = 
 1.6072e+00,  3.9285e-01


Singular values = 
 1.6748e+00,  3.4113e-01


Singular values = 
 1.6344e+00,  3.6558e-01

1.3750,    -1.463803,    -1.440958,    -1.460813,    -1.457072

Singular values = 
 1.5033e+00,  4.9675e-01


Singular values = 
 1.5708e+00,  4.4137e-01


Singular values = 
 1.5323e+00,  4.6773e-01

1.4375,    -1.438056,    -1.420626,    -1.436026,    -1.433286

Singular values = 
 1.4175e+00,  5.8252e-01


Singular values = 
 1.4817e+00,  5.2757e-01


Singular values = 
 1.4461e+00,  5.5387e-01

1.5000,    -1.414320,    -1.400991,    -1.412989,    -1.410980

Singular values = 
 1.3466e+00,  6.5340e-01


Singular values = 
 1.4058e+00,  6.0128e-01


Singular values = 
 1.3737e+00,  6.2635e-01

1.5625,    -1.392463,    -1.382224,    -1.391615,    -1.390134

Singular values = 
 1.2880e+00,  7.1204e-01


Singular values = 
 1.3414e+00,  6.6405e-01


Singular values = 
 1.3128e+00,  6.8723e-01

1.6250,    -1.372363,    -1.364445,    -1.371830,    -1.370730

Singular values = 
 1.2394e+00,  7.6061e-01


Singular values = 
 1.2869e+00,  7.1732e-01


Singular values = 
 1.2617e+00,  7.3830e-01

1.6875,    -1.353900,    -1.347729,    -1.353562,    -1.352737

Singular values = 
 1.1991e+00,  8.0087e-01


Singular values = 
 1.2409e+00,  7.6240e-01


Singular values = 
 1.2189e+00,  7.8110e-01

1.7500,    -1.336959,    -1.332111,    -1.336735,    -1.336108

Singular values = 
 1.1657e+00,  8.3427e-01


Singular values = 
 1.2020e+00,  8.0049e-01


Singular values = 
 1.1831e+00,  8.1695e-01

1.8125,    -1.321427,    -1.317588,    -1.321265,    -1.320783

Singular values = 
 1.1380e+00,  8.6200e-01


Singular values = 
 1.1694e+00,  8.3260e-01


Singular values = 
 1.1530e+00,  8.4696e-01

1.8750,    -1.307192,    -1.304132,    -1.307062,    -1.306688

Singular values = 
 1.1149e+00,  8.8506e-01


Singular values = 
 1.1419e+00,  8.5964e-01


Singular values = 
 1.1279e+00,  8.7208e-01

1.9375,    -1.294145,    -1.291692,    -1.294032,    -1.293739

Singular values = 
 1.0958e+00,  9.0423e-01


Singular values = 
 1.1188e+00,  8.8239e-01


Singular values = 
 1.1069e+00,  8.9310e-01

2.0000,    -1.282183,    -1.280208,    -1.282079,    -1.281847

Singular values = 
 1.0798e+00,  9.2019e-01


Singular values = 
 1.0994e+00,  9.0152e-01


Singular values = 
 1.0893e+00,  9.1068e-01

2.0625,    -1.271204,    -1.269609,    -1.271107,    -1.270922

Singular values = 
 1.0665e+00,  9.3347e-01


Singular values = 
 1.0831e+00,  9.1758e-01


Singular values = 
 1.0746e+00,  9.2539e-01

2.1250,    -1.261113,    -1.259823,    -1.261024,    -1.260875

Singular values = 
 1.0555e+00,  9.4455e-01


Singular values = 
 1.0695e+00,  9.3106e-01


Singular values = 
 1.0623e+00,  9.3770e-01

2.1875,    -1.251824,    -1.250779,    -1.251742,    -1.251623

Singular values = 
 1.0462e+00,  9.5377e-01


Singular values = 
 1.0581e+00,  9.4237e-01


Singular values = 
 1.0520e+00,  9.4799e-01

2.2500,    -1.243255,    -1.242409,    -1.243181,    -1.243085

Singular values = 
 1.0385e+00,  9.6147e-01


Singular values = 
 1.0485e+00,  9.5185e-01


Singular values = 
 1.0434e+00,  9.5659e-01

2.3125,    -1.235332,    -1.234646,    -1.235266,    -1.235188

Singular values = 
 1.0321e+00,  9.6788e-01


Singular values = 
 1.0405e+00,  9.5980e-01


Singular values = 
 1.0362e+00,  9.6379e-01

2.3750,    -1.227987,    -1.227432,    -1.227930,    -1.227867

Singular values = 
 1.0268e+00,  9.7323e-01


Singular values = 
 1.0338e+00,  9.6645e-01


Singular values = 
 1.0302e+00,  9.6980e-01

2.4375,    -1.221161,    -1.220712,    -1.221112,    -1.221061

Singular values = 
 1.0223e+00,  9.7770e-01


Singular values = 
 1.0282e+00,  9.7202e-01


Singular values = 
 1.0252e+00,  9.7482e-01

2.5000,    -1.214800,    -1.214437,    -1.214759,    -1.214717

Singular values = 
 1.0186e+00,  9.8142e-01


Singular values = 
 1.0235e+00,  9.7667e-01


Singular values = 
 1.0210e+00,  9.7902e-01

2.5625,    -1.208856,    -1.208563,    -1.208822,    -1.208788

Singular values = 
 1.0155e+00,  9.8453e-01


Singular values = 
 1.0195e+00,  9.8057e-01


Singular values = 
 1.0175e+00,  9.8252e-01

2.6250,    -1.203288,    -1.203050,    -1.203259,    -1.203232

Singular values = 
 1.0129e+00,  9.8712e-01


Singular values = 
 1.0163e+00,  9.8382e-01


Singular values = 
 1.0146e+00,  9.8545e-01

2.6875,    -1.198057,    -1.197865,    -1.198033,    -1.198011

Singular values = 
 1.0107e+00,  9.8928e-01


Singular values = 
 1.0135e+00,  9.8654e-01


Singular values = 
 1.0121e+00,  9.8789e-01

2.7500,    -1.193131,    -1.192976,    -1.193111,    -1.193093

Singular values = 
 1.0089e+00,  9.9108e-01


Singular values = 
 1.0113e+00,  9.8880e-01


Singular values = 
 1.0101e+00,  9.8993e-01

2.8125,    -1.188480,    -1.188355,    -1.188464,    -1.188450

Singular values = 
 1.0074e+00,  9.9258e-01


Singular values = 
 1.0094e+00,  9.9069e-01


Singular values = 
 1.0084e+00,  9.9163e-01

2.8750,    -1.184080,    -1.183979,    -1.184067,    -1.184055

Singular values = 
 1.0062e+00,  9.9384e-01


Singular values = 
 1.0078e+00,  9.9227e-01


Singular values = 
 1.0070e+00,  9.9304e-01

2.9375,    -1.179908,    -1.179825,    -1.179897,    -1.179887

Singular values = 
 1.0051e+00,  9.9488e-01


Singular values = 
 1.0065e+00,  9.9358e-01


Singular values = 
 1.0058e+00,  9.9422e-01

3.0000,    -1.175943,    -1.175876,    -1.175935,    -1.175926
