 
:: initializing oneAPI environment ...
   slurm_script: BASH_VERSION = 4.2.46(1)-release
   args: Using "$@" for setvars.sh arguments: --force
:: advisor -- latest
:: ccl -- latest
:: clck -- latest
:: compiler -- latest
:: dal -- latest
:: debugger -- latest
:: dev-utilities -- latest
:: dnnl -- latest
:: dpcpp-ct -- latest
:: dpl -- latest
:: inspector -- latest
:: intelpython -- latest
:: ipp -- latest
:: ippcp -- latest
:: ipp -- latest
:: itac -- latest
:: mkl -- latest
:: mpi -- latest
:: tbb -- latest
:: vpl -- latest
:: vtune -- latest
:: oneAPI environment initialized ::
 


####################
m        = h2
basis    = cc-pvdz
dir_path = ./data/
h5_path  = ./data/h2-cc-pvdz.h5
is_scf   = False

Singular values = 
 1.8436e+00,  1.5639e-01


Singular values = 
 1.9915e+00,  5.2019e-02


Singular values = 
 1.9107e+00,  8.9316e-02

0.5000,    -2.137724,    -2.114176,    -2.135431,    -2.131304

Singular values = 
 1.7969e+00,  2.0312e-01


Singular values = 
 1.9743e+00,  7.5162e-02


Singular values = 
 1.8776e+00,  1.2240e-01

0.5625,    -2.063402,    -2.040367,    -2.060941,    -2.057054

Singular values = 
 1.7450e+00,  2.5495e-01


Singular values = 
 1.9499e+00,  1.0463e-01


Singular values = 
 1.8381e+00,  1.6185e-01

0.6250,    -1.993928,    -1.971355,    -1.991368,    -1.987759

Singular values = 
 1.6892e+00,  3.1080e-01


Singular values = 
 1.9176e+00,  1.4084e-01


Singular values = 
 1.7926e+00,  2.0741e-01

0.6875,    -1.929249,    -1.906973,    -1.926665,    -1.923311

Singular values = 
 1.6306e+00,  3.6941e-01


Singular values = 
 1.8772e+00,  1.8384e-01


Singular values = 
 1.7416e+00,  2.5842e-01

0.7500,    -1.869163,    -1.846922,    -1.866624,    -1.863443

Singular values = 
 1.5706e+00,  4.2936e-01


Singular values = 
 1.8292e+00,  2.3314e-01


Singular values = 
 1.6862e+00,  3.1385e-01

0.8125,    -1.813402,    -1.790857,    -1.810951,    -1.807808

Singular values = 
 1.5109e+00,  4.8914e-01


Singular values = 
 1.7747e+00,  2.8772e-01


Singular values = 
 1.6277e+00,  3.7226e-01

0.8750,    -1.761678,    -1.738445,    -1.759319,    -1.756048

Singular values = 
 1.4527e+00,  5.4735e-01


Singular values = 
 1.7154e+00,  3.4614e-01


Singular values = 
 1.5680e+00,  4.3204e-01

0.9375,    -1.713714,    -1.689414,    -1.711403,    -1.707829

Singular values = 
 1.3972e+00,  6.0279e-01


Singular values = 
 1.6532e+00,  4.0669e-01


Singular values = 
 1.5084e+00,  4.9160e-01

1.0000,    -1.669251,    -1.643556,    -1.666902,    -1.662867

Singular values = 
 1.3454e+00,  6.5456e-01


Singular values = 
 1.5900e+00,  4.6767e-01


Singular values = 
 1.4505e+00,  5.4946e-01

1.0625,    -1.628051,    -1.600724,    -1.625549,    -1.620933

Singular values = 
 1.2980e+00,  7.0204e-01


Singular values = 
 1.5278e+00,  5.2745e-01


Singular values = 
 1.3956e+00,  6.0443e-01

1.1250,    -1.589895,    -1.560816,    -1.587111,    -1.581847

Singular values = 
 1.2551e+00,  7.4490e-01


Singular values = 
 1.4679e+00,  5.8471e-01


Singular values = 
 1.3444e+00,  6.5564e-01

1.1875,    -1.554576,    -1.523756,    -1.551395,    -1.545467

Singular values = 
 1.2169e+00,  7.8306e-01


Singular values = 
 1.4117e+00,  6.3843e-01


Singular values = 
 1.2975e+00,  7.0251e-01

1.2500,    -1.521905,    -1.489473,    -1.518238,    -1.511683

Singular values = 
 1.1834e+00,  8.1662e-01


Singular values = 
 1.3598e+00,  6.8793e-01


Singular values = 
 1.2552e+00,  7.4475e-01

1.3125,    -1.491702,    -1.457891,    -1.487504,    -1.480399

Singular values = 
 1.1542e+00,  8.4582e-01


Singular values = 
 1.3127e+00,  7.3282e-01


Singular values = 
 1.2177e+00,  7.8233e-01

1.3750,    -1.463803,    -1.428918,    -1.459072,    -1.451523

Singular values = 
 1.1290e+00,  8.7099e-01


Singular values = 
 1.2705e+00,  7.7300e-01


Singular values = 
 1.1846e+00,  8.1537e-01

1.4375,    -1.438056,    -1.402438,    -1.432834,    -1.424958

Singular values = 
 1.1075e+00,  8.9251e-01


Singular values = 
 1.2332e+00,  8.0854e-01


Singular values = 
 1.1559e+00,  8.4414e-01

1.5000,    -1.414320,    -1.378318,    -1.408685,    -1.400600

Singular values = 
 1.0892e+00,  9.1078e-01


Singular values = 
 1.2005e+00,  8.3966e-01


Singular values = 
 1.1310e+00,  8.6897e-01

1.5625,    -1.392463,    -1.356404,    -1.386514,    -1.378331

Singular values = 
 1.0738e+00,  9.2619e-01


Singular values = 
 1.1721e+00,  8.6668e-01


Singular values = 
 1.1098e+00,  8.9024e-01

1.6250,    -1.372363,    -1.336532,    -1.366208,    -1.358020

Singular values = 
 1.0609e+00,  9.3912e-01


Singular values = 
 1.1476e+00,  8.8997e-01


Singular values = 
 1.0916e+00,  9.0835e-01

1.6875,    -1.353900,    -1.318528,    -1.347646,    -1.339528

Singular values = 
 1.0501e+00,  9.4991e-01


Singular values = 
 1.1266e+00,  9.0992e-01


Singular values = 
 1.0763e+00,  9.2369e-01

1.7500,    -1.336959,    -1.302219,    -1.330702,    -1.322710

Singular values = 
 1.0411e+00,  9.5889e-01


Singular values = 
 1.1087e+00,  9.2692e-01


Singular values = 
 1.0634e+00,  9.3661e-01

1.8125,    -1.321427,    -1.287437,    -1.315247,    -1.307418

Singular values = 
 1.0337e+00,  9.6633e-01


Singular values = 
 1.0935e+00,  9.4133e-01


Singular values = 
 1.0525e+00,  9.4745e-01

1.8750,    -1.307192,    -1.274020,    -1.301150,    -1.293509

Singular values = 
 1.0275e+00,  9.7247e-01


Singular values = 
 1.0806e+00,  9.5352e-01


Singular values = 
 1.0435e+00,  9.5653e-01

1.9375,    -1.294145,    -1.261818,    -1.288286,    -1.280842

Singular values = 
 1.0225e+00,  9.7753e-01


Singular values = 
 1.0698e+00,  9.6378e-01


Singular values = 
 1.0359e+00,  9.6409e-01

2.0000,    -1.282183,    -1.250694,    -1.276533,    -1.269287

Singular values = 
 1.0183e+00,  9.8169e-01


Singular values = 
 1.0607e+00,  9.7240e-01


Singular values = 
 1.0296e+00,  9.7039e-01

2.0625,    -1.271204,    -1.240523,    -1.265777,    -1.258723

Singular values = 
 1.0149e+00,  9.8510e-01


Singular values = 
 1.0530e+00,  9.7962e-01


Singular values = 
 1.0244e+00,  9.7561e-01

2.1250,    -1.261113,    -1.231194,    -1.255911,    -1.249041

Singular values = 
 1.0121e+00,  9.8788e-01


Singular values = 
 1.0466e+00,  9.8565e-01


Singular values = 
 1.0201e+00,  9.7994e-01

2.1875,    -1.251824,    -1.222608,    -1.246841,    -1.240141

Singular values = 
 1.0098e+00,  9.9016e-01


Singular values = 
 1.0413e+00,  9.9069e-01


Singular values = 
 1.0165e+00,  9.8352e-01

2.2500,    -1.243255,    -1.214679,    -1.238479,    -1.231935

Singular values = 
 1.0080e+00,  9.9202e-01


Singular values = 
 1.0368e+00,  9.9489e-01


Singular values = 
 1.0135e+00,  9.8647e-01

2.3125,    -1.235332,    -1.207332,    -1.230747,    -1.224344

Singular values = 
 1.0065e+00,  9.9354e-01


Singular values = 
 1.0331e+00,  9.9838e-01


Singular values = 
 1.0111e+00,  9.8891e-01

2.3750,    -1.227987,    -1.200500,    -1.223578,    -1.217302

Singular values = 
 1.0052e+00,  9.9477e-01


Singular values = 
 1.0300e+00,  1.0013e+00


Singular values = 
 1.0091e+00,  9.9092e-01

2.4375,    -1.221161,    -1.194126,    -1.216909,    -1.210746

Singular values = 
 1.0042e+00,  9.9577e-01


Singular values = 
 1.0274e+00,  1.0037e+00


Singular values = 
 1.0074e+00,  9.9256e-01

2.5000,    -1.214800,    -1.188161,    -1.210688,    -1.204624

Singular values = 
 1.0034e+00,  9.9658e-01


Singular values = 
 1.0253e+00,  1.0057e+00


Singular values = 
 1.0061e+00,  9.9392e-01

2.5625,    -1.208856,    -1.182562,    -1.204867,    -1.198891

Singular values = 
 1.0028e+00,  9.9724e-01


Singular values = 
 1.0235e+00,  1.0073e+00


Singular values = 
 1.0050e+00,  9.9503e-01

2.6250,    -1.203288,    -1.177291,    -1.199406,    -1.193506

Singular values = 
 1.0022e+00,  9.9777e-01


Singular values = 
 1.0221e+00,  1.0087e+00


Singular values = 
 1.0041e+00,  9.9594e-01

2.6875,    -1.198057,    -1.172317,    -1.194268,    -1.188434

Singular values = 
 1.0018e+00,  9.9820e-01


Singular values = 
 1.0208e+00,  1.0098e+00


Singular values = 
 1.0033e+00,  9.9669e-01

2.7500,    -1.193131,    -1.167611,    -1.189423,    -1.183646

Singular values = 
 1.0014e+00,  9.9855e-01


Singular values = 
 1.0198e+00,  1.0108e+00


Singular values = 
 1.0027e+00,  9.9730e-01

2.8125,    -1.188480,    -1.163149,    -1.184841,    -1.179113

Singular values = 
 1.0012e+00,  9.9883e-01


Singular values = 
 1.0190e+00,  1.0115e+00


Singular values = 
 1.0022e+00,  9.9780e-01

2.8750,    -1.184080,    -1.158909,    -1.180500,    -1.174814

Singular values = 
 1.0009e+00,  9.9906e-01


Singular values = 
 1.0183e+00,  1.0121e+00


Singular values = 
 1.0018e+00,  9.9820e-01

2.9375,    -1.179908,    -1.154873,    -1.176377,    -1.170727

Singular values = 
 1.0008e+00,  9.9924e-01


Singular values = 
 1.0177e+00,  1.0127e+00


Singular values = 
 1.0015e+00,  9.9854e-01

3.0000,    -1.175943,    -1.151024,    -1.172455,    -1.166835
