 
:: initializing oneAPI environment ...
   slurm_script: BASH_VERSION = 4.2.46(1)-release
   args: Using "$@" for setvars.sh arguments: --force
:: advisor -- latest
:: ccl -- latest
:: clck -- latest
:: compiler -- latest
:: dal -- latest
:: debugger -- latest
:: dev-utilities -- latest
:: dnnl -- latest
:: dpcpp-ct -- latest
:: dpl -- latest
:: inspector -- latest
:: intelpython -- latest
:: ipp -- latest
:: ippcp -- latest
:: ipp -- latest
:: itac -- latest
:: mkl -- latest
:: mpi -- latest
:: tbb -- latest
:: vpl -- latest
:: vtune -- latest
:: oneAPI environment initialized ::
 


####################
m        = h2
basis    = sto-3g
dir_path = ./data/
h5_path  = ./data/h2-sto-3g-scf.h5
is_scf   = True
idx = 0
alph 0 0 H 1s    
beta 1 1 H 1s    
idx = 1
alph 1 1 H 1s    
beta 0 0 H 1s    
idx = 0
alph 0 0 H 1s    
beta 1 1 H 1s    
idx = 1
alph 1 1 H 1s    
beta 0 0 H 1s    
idx = 0
alph 0 0 H 1s    
beta 1 1 H 1s    
idx = 1
alph 1 1 H 1s    
beta 0 0 H 1s    
idx = 0
alph 0 0 H 1s    
beta 1 1 H 1s    
idx = 1
alph 1 1 H 1s    
beta 0 0 H 1s    
idx = 0
alph 0 0 H 1s    
beta 1 1 H 1s    
idx = 1
alph 1 1 H 1s    
beta 0 0 H 1s    
idx = 0
alph 0 0 H 1s    
beta 1 1 H 1s    
idx = 1
alph 1 1 H 1s    
beta 0 0 H 1s    
idx = 0
alph 0 0 H 1s    
beta 1 1 H 1s    
idx = 1
alph 1 1 H 1s    
beta 0 0 H 1s    
idx = 0
alph 0 0 H 1s    
beta 1 1 H 1s    
idx = 1
alph 1 1 H 1s    
beta 0 0 H 1s    
idx = 0
alph 0 0 H 1s    
beta 1 1 H 1s    
idx = 1
alph 1 1 H 1s    
beta 0 0 H 1s    
idx = 0
alph 0 0 H 1s    
beta 1 1 H 1s    
idx = 1
alph 1 1 H 1s    
beta 0 0 H 1s    
idx = 0
alph 0 0 H 1s    
beta 1 1 H 1s    
idx = 1
alph 1 1 H 1s    
beta 0 0 H 1s    
idx = 0
alph 0 0 H 1s    
beta 1 1 H 1s    
idx = 1
alph 1 1 H 1s    
beta 0 0 H 1s    
idx = 0
alph 0 0 H 1s    
beta 1 1 H 1s    
idx = 1
alph 1 1 H 1s    
beta 0 0 H 1s    
idx = 0
alph 0 0 H 1s    
beta 1 1 H 1s    
idx = 1
alph 1 1 H 1s    
beta 0 0 H 1s    
idx = 0
alph 0 0 H 1s    
beta 1 1 H 1s    
idx = 1
alph 1 1 H 1s    
beta 0 0 H 1s    
idx = 0
alph 0 0 H 1s    
beta 1 1 H 1s    
idx = 1
alph 1 1 H 1s    
beta 0 0 H 1s    
idx = 0
alph 0 0 H 1s    
beta 1 1 H 1s    
idx = 1
alph 1 1 H 1s    
beta 0 0 H 1s    
idx = 0
alph 0 0 H 1s    
beta 1 1 H 1s    
idx = 1
alph 1 1 H 1s    
beta 0 0 H 1s    
idx = 0
alph 0 0 H 1s    
beta 1 1 H 1s    
idx = 1
alph 1 1 H 1s    
beta 0 0 H 1s    
idx = 0
alph 0 0 H 1s    
beta 1 1 H 1s    
idx = 1
alph 1 1 H 1s    
beta 0 0 H 1s    
idx = 0
alph 0 0 H 1s    
beta 1 1 H 1s    
idx = 1
alph 1 1 H 1s    
beta 0 0 H 1s    
idx = 0
alph 0 0 H 1s    
beta 1 1 H 1s    
idx = 1
alph 1 1 H 1s    
beta 0 0 H 1s    
idx = 0
alph 0 0 H 1s    
beta 1 1 H 1s    
idx = 1
alph 1 1 H 1s    
beta 0 0 H 1s    
idx = 0
alph 0 0 H 1s    
beta 1 1 H 1s    
idx = 1
alph 1 1 H 1s    
beta 0 0 H 1s    
idx = 0
alph 0 0 H 1s    
beta 1 1 H 1s    
idx = 1
alph 1 1 H 1s    
beta 0 0 H 1s    
idx = 0
alph 0 0 H 1s    
beta 1 1 H 1s    
idx = 1
alph 1 1 H 1s    
beta 0 0 H 1s    
idx = 0
alph 0 0 H 1s    
beta 1 1 H 1s    
idx = 1
alph 1 1 H 1s    
beta 0 0 H 1s    
idx = 0
alph 0 0 H 1s    
beta 1 1 H 1s    
idx = 1
alph 1 1 H 1s    
beta 0 0 H 1s    
idx = 0
alph 0 0 H 1s    
beta 1 1 H 1s    
idx = 1
alph 1 1 H 1s    
beta 0 0 H 1s    
idx = 0
alph 0 0 H 1s    
beta 1 1 H 1s    
idx = 1
alph 1 1 H 1s    
beta 0 0 H 1s    
idx = 0
alph 0 0 H 1s    
beta 1 1 H 1s    
idx = 1
alph 1 1 H 1s    
beta 0 0 H 1s    
idx = 0
alph 0 0 H 1s    
beta 1 1 H 1s    
idx = 1
alph 1 1 H 1s    
beta 0 0 H 1s    
idx = 0
alph 0 0 H 1s    
beta 1 1 H 1s    
idx = 1
alph 1 1 H 1s    
beta 0 0 H 1s    
idx = 0
alph 0 0 H 1s    
beta 1 1 H 1s    
idx = 1
alph 1 1 H 1s    
beta 0 0 H 1s    
idx = 0
alph 0 0 H 1s    
beta 1 1 H 1s    
idx = 1
alph 1 1 H 1s    
beta 0 0 H 1s    
idx = 0
alph 0 0 H 1s    
beta 1 1 H 1s    
idx = 1
alph 1 1 H 1s    
beta 0 0 H 1s    
idx = 0
alph 0 0 H 1s    
beta 1 1 H 1s    
idx = 1
alph 1 1 H 1s    
beta 0 0 H 1s    
idx = 0
alph 0 0 H 1s    
beta 1 1 H 1s    
idx = 1
alph 1 1 H 1s    
beta 0 0 H 1s    
idx = 0
alph 0 0 H 1s    
beta 1 1 H 1s    
idx = 1
alph 1 1 H 1s    
beta 0 0 H 1s    
idx = 0
alph 0 0 H 1s    
beta 1 1 H 1s    
idx = 1
alph 1 1 H 1s    
beta 0 0 H 1s    
idx = 0
alph 0 0 H 1s    
beta 1 1 H 1s    
idx = 1
alph 1 1 H 1s    
beta 0 0 H 1s    
