 
:: initializing oneAPI environment ...
   slurm_script: BASH_VERSION = 4.2.46(1)-release
   args: Using "$@" for setvars.sh arguments: --force
:: advisor -- latest
:: ccl -- latest
:: clck -- latest
:: compiler -- latest
:: dal -- latest
:: debugger -- latest
:: dev-utilities -- latest
:: dnnl -- latest
:: dpcpp-ct -- latest
:: dpl -- latest
:: inspector -- latest
:: intelpython -- latest
:: ipp -- latest
:: ippcp -- latest
:: ipp -- latest
:: itac -- latest
:: mkl -- latest
:: mpi -- latest
:: tbb -- latest
:: vpl -- latest
:: vtune -- latest
:: oneAPI environment initialized ::
 


####################
m        = h2
basis    = sto-3g
dir_path = ./data/
h5_path  = ./data/h2-sto-3g.h5
r = 0.5000, ene_fci =    -2.113514, ene_noci_uhf =    -2.108212, ene_noci_ump2_1 =    -2.111871, ene_noci_ucisd_1 =    -2.113514
r = 0.5625, ene_fci =    -2.040428, ene_noci_uhf =    -2.035685, ene_noci_ump2_1 =    -2.038442, ene_noci_ucisd_1 =    -2.040428
r = 0.6250, ene_fci =    -1.970844, ene_noci_uhf =    -1.966784, ene_noci_ump2_1 =    -1.968546, ene_noci_ucisd_1 =    -1.970844
r = 0.6875, ene_fci =    -1.904900, ene_noci_uhf =    -1.901600, ene_noci_ump2_1 =    -1.902358, ene_noci_ucisd_1 =    -1.904900
r = 0.7500, ene_fci =    -1.842687, ene_noci_uhf =    -1.840169, ene_noci_ump2_1 =    -1.840003, ene_noci_ucisd_1 =    -1.842687
r = 0.8125, ene_fci =    -1.784225, ene_noci_uhf =    -1.782450, ene_noci_ump2_1 =    -1.781521, ene_noci_ucisd_1 =    -1.784225
r = 0.8750, ene_fci =    -1.729446, ene_noci_uhf =    -1.728321, ene_noci_ump2_1 =    -1.726849, ene_noci_ucisd_1 =    -1.729446
r = 0.9375, ene_fci =    -1.678207, ene_noci_uhf =    -1.677598, ene_noci_ump2_1 =    -1.675832, ene_noci_ucisd_1 =    -1.678207
r = 1.0000, ene_fci =    -1.630328, ene_noci_uhf =    -1.630077, ene_noci_ump2_1 =    -1.628264, ene_noci_ucisd_1 =    -1.630328
r = 1.0625, ene_fci =    -1.585626, ene_noci_uhf =    -1.585574, ene_noci_ump2_1 =    -1.583928, ene_noci_ucisd_1 =    -1.585626
r = 1.1250, ene_fci =    -1.543943, ene_noci_uhf =    -1.543942, ene_noci_ump2_1 =    -1.542625, ene_noci_ucisd_1 =    -1.543943
r = 1.1875, ene_fci =    -1.505145, ene_noci_uhf =    -1.505079, ene_noci_ump2_1 =    -1.504186, ene_noci_ucisd_1 =    -1.505145
r = 1.2500, ene_fci =    -1.469125, ene_noci_uhf =    -1.468916, ene_noci_ump2_1 =    -1.468477, ene_noci_ucisd_1 =    -1.469125
r = 1.3125, ene_fci =    -1.435789, ene_noci_uhf =    -1.435400, ene_noci_ump2_1 =    -1.435386, ene_noci_ucisd_1 =    -1.435789
r = 1.3750, ene_fci =    -1.405045, ene_noci_uhf =    -1.404475, ene_noci_ump2_1 =    -1.404820, ene_noci_ucisd_1 =    -1.405045
r = 1.4375, ene_fci =    -1.376796, ene_noci_uhf =    -1.376073, ene_noci_ump2_1 =    -1.376688, ene_noci_ucisd_1 =    -1.376796
r = 1.5000, ene_fci =    -1.350934, ene_noci_uhf =    -1.350102, ene_noci_ump2_1 =    -1.350892, ene_noci_ucisd_1 =    -1.350934
r = 1.5625, ene_fci =    -1.327336, ene_noci_uhf =    -1.326447, ene_noci_ump2_1 =    -1.327326, ene_noci_ucisd_1 =    -1.327336
r = 1.6250, ene_fci =    -1.305867, ene_noci_uhf =    -1.304970, ene_noci_ump2_1 =    -1.305867, ene_noci_ucisd_1 =    -1.305867
r = 1.6875, ene_fci =    -1.286380, ene_noci_uhf =    -1.285516, ene_noci_ump2_1 =    -1.286379, ene_noci_ucisd_1 =    -1.286380
r = 1.7500, ene_fci =    -1.268722, ene_noci_uhf =    -1.267919, ene_noci_ump2_1 =    -1.268714, ene_noci_ucisd_1 =    -1.268722
r = 1.8125, ene_fci =    -1.252732, ene_noci_uhf =    -1.252011, ene_noci_ump2_1 =    -1.252719, ene_noci_ucisd_1 =    -1.252732
r = 1.8750, ene_fci =    -1.238255, ene_noci_uhf =    -1.237623, ene_noci_ump2_1 =    -1.238238, ene_noci_ucisd_1 =    -1.238255
r = 1.9375, ene_fci =    -1.225136, ene_noci_uhf =    -1.224594, ene_noci_ump2_1 =    -1.225117, ene_noci_ucisd_1 =    -1.225136
r = 2.0000, ene_fci =    -1.213230, ene_noci_uhf =    -1.212772, ene_noci_ump2_1 =    -1.213210, ene_noci_ucisd_1 =    -1.213230
r = 2.0625, ene_fci =    -1.202399, ene_noci_uhf =    -1.202019, ene_noci_ump2_1 =    -1.202380, ene_noci_ucisd_1 =    -1.202399
r = 2.1250, ene_fci =    -1.192518, ene_noci_uhf =    -1.192206, ene_noci_ump2_1 =    -1.192502, ene_noci_ucisd_1 =    -1.192518
r = 2.1875, ene_fci =    -1.183476, ene_noci_uhf =    -1.183222, ene_noci_ump2_1 =    -1.183462, ene_noci_ucisd_1 =    -1.183476
r = 2.2500, ene_fci =    -1.175172, ene_noci_uhf =    -1.174967, ene_noci_ump2_1 =    -1.175160, ene_noci_ucisd_1 =    -1.175172
r = 2.3125, ene_fci =    -1.167517, ene_noci_uhf =    -1.167353, ene_noci_ump2_1 =    -1.167507, ene_noci_ucisd_1 =    -1.167517
r = 2.3750, ene_fci =    -1.160434, ene_noci_uhf =    -1.160303, ene_noci_ump2_1 =    -1.160426, ene_noci_ucisd_1 =    -1.160434
r = 2.4375, ene_fci =    -1.153856, ene_noci_uhf =    -1.153752, ene_noci_ump2_1 =    -1.153850, ene_noci_ucisd_1 =    -1.153856
r = 2.5000, ene_fci =    -1.147726, ene_noci_uhf =    -1.147644, ene_noci_ump2_1 =    -1.147721, ene_noci_ucisd_1 =    -1.147726
r = 2.5625, ene_fci =    -1.141993, ene_noci_uhf =    -1.141928, ene_noci_ump2_1 =    -1.141989, ene_noci_ucisd_1 =    -1.141993
r = 2.6250, ene_fci =    -1.136614, ene_noci_uhf =    -1.136563, ene_noci_ump2_1 =    -1.136611, ene_noci_ucisd_1 =    -1.136614
r = 2.6875, ene_fci =    -1.131553, ene_noci_uhf =    -1.131513, ene_noci_ump2_1 =    -1.131551, ene_noci_ucisd_1 =    -1.131553
r = 2.7500, ene_fci =    -1.126777, ene_noci_uhf =    -1.126746, ene_noci_ump2_1 =    -1.126775, ene_noci_ucisd_1 =    -1.126777
r = 2.8125, ene_fci =    -1.122259, ene_noci_uhf =    -1.122234, ene_noci_ump2_1 =    -1.122257, ene_noci_ucisd_1 =    -1.122259
r = 2.8750, ene_fci =    -1.117974, ene_noci_uhf =    -1.117955, ene_noci_ump2_1 =    -1.117973, ene_noci_ucisd_1 =    -1.117974
r = 2.9375, ene_fci =    -1.113902, ene_noci_uhf =    -1.113887, ene_noci_ump2_1 =    -1.113901, ene_noci_ucisd_1 =    -1.113902
r = 3.0000, ene_fci =    -1.110024, ene_noci_uhf =    -1.110013, ene_noci_ump2_1 =    -1.110024, ene_noci_ucisd_1 =    -1.110024


####################
m        = h4-line
basis    = sto-3g
dir_path = ./data/
h5_path  = ./data/h4-line-sto-3g.h5
r = 0.5000, ene_fci =    -6.239319, ene_noci_uhf =    -6.224444, ene_noci_ump2_1 =    -6.237139, ene_noci_ucisd_1 =    -6.239281
r = 0.5625, ene_fci =    -5.946289, ene_noci_uhf =    -5.931880, ene_noci_ump2_1 =    -5.943658, ene_noci_ucisd_1 =    -5.946235
r = 0.6250, ene_fci =    -5.677099, ene_noci_uhf =    -5.663445, ene_noci_ump2_1 =    -5.674214, ene_noci_ucisd_1 =    -5.677023
r = 0.6875, ene_fci =    -5.429848, ene_noci_uhf =    -5.417239, ene_noci_ump2_1 =    -5.427403, ene_noci_ucisd_1 =    -5.429742
r = 0.7500, ene_fci =    -5.202579, ene_noci_uhf =    -5.191272, ene_noci_ump2_1 =    -5.199438, ene_noci_ucisd_1 =    -5.202426
r = 0.8125, ene_fci =    -4.993494, ene_noci_uhf =    -4.983698, ene_noci_ump2_1 =    -4.989514, ene_noci_ucisd_1 =    -4.993272
r = 0.8750, ene_fci =    -4.800943, ene_noci_uhf =    -4.792790, ene_noci_ump2_1 =    -4.796461, ene_noci_ucisd_1 =    -4.800621
r = 0.9375, ene_fci =    -4.623403, ene_noci_uhf =    -4.616921, ene_noci_ump2_1 =    -4.618787, ene_noci_ucisd_1 =    -4.622952
r = 1.0000, ene_fci =    -4.459489, ene_noci_uhf =    -4.454573, ene_noci_ump2_1 =    -4.455092, ene_noci_ucisd_1 =    -4.458907
r = 1.0625, ene_fci =    -4.307988, ene_noci_uhf =    -4.304398, ene_noci_ump2_1 =    -4.304099, ene_noci_ucisd_1 =    -4.307309
r = 1.1250, ene_fci =    -4.167866, ene_noci_uhf =    -4.165266, ene_noci_ump2_1 =    -4.164654, ene_noci_ucisd_1 =    -4.167150
r = 1.1875, ene_fci =    -4.038254, ene_noci_uhf =    -4.036274, ene_noci_ump2_1 =    -4.035758, ene_noci_ucisd_1 =    -4.037564
r = 1.2500, ene_fci =    -3.918417, ene_noci_uhf =    -3.916722, ene_noci_ump2_1 =    -3.916574, ene_noci_ucisd_1 =    -3.917799
r = 1.3125, ene_fci =    -3.807715, ene_noci_uhf =    -3.806054, ene_noci_ump2_1 =    -3.806410, ene_noci_ucisd_1 =    -3.807194
r = 1.3750, ene_fci =    -3.705578, ene_noci_uhf =    -3.703801, ene_noci_ump2_1 =    -3.704678, ene_noci_ucisd_1 =    -3.705156
r = 1.4375, ene_fci =    -3.611471, ene_noci_uhf =    -3.609527, ene_noci_ump2_1 =    -3.610857, ene_noci_ucisd_1 =    -3.611138
r = 1.5000, ene_fci =    -3.524884, ene_noci_uhf =    -3.522795, ene_noci_ump2_1 =    -3.524460, ene_noci_ucisd_1 =    -3.524624
r = 1.5625, ene_fci =    -3.445321, ene_noci_uhf =    -3.443153, ene_noci_ump2_1 =    -3.445015, ene_noci_ucisd_1 =    -3.445116
r = 1.6250, ene_fci =    -3.372287, ene_noci_uhf =    -3.370124, ene_noci_ump2_1 =    -3.372053, ene_noci_ucisd_1 =    -3.372124
r = 1.6875, ene_fci =    -3.305292, ene_noci_uhf =    -3.303214, ene_noci_ump2_1 =    -3.305102, ene_noci_ucisd_1 =    -3.305161
r = 1.7500, ene_fci =    -3.243851, ene_noci_uhf =    -3.241922, ene_noci_ump2_1 =    -3.243689, ene_noci_ucisd_1 =    -3.243744
r = 1.8125, ene_fci =    -3.187487, ene_noci_uhf =    -3.185749, ene_noci_ump2_1 =    -3.187346, ene_noci_ucisd_1 =    -3.187399
r = 1.8750, ene_fci =    -3.135736, ene_noci_uhf =    -3.134211, ene_noci_ump2_1 =    -3.135614, ene_noci_ucisd_1 =    -3.135665
r = 1.9375, ene_fci =    -3.088156, ene_noci_uhf =    -3.086847, ene_noci_ump2_1 =    -3.088051, ene_noci_ucisd_1 =    -3.088099
r = 2.0000, ene_fci =    -3.044331, ene_noci_uhf =    -3.043227, ene_noci_ump2_1 =    -3.044243, ene_noci_ucisd_1 =    -3.044285
r = 2.0625, ene_fci =    -3.003874, ene_noci_uhf =    -3.002957, ene_noci_ump2_1 =    -3.003800, ene_noci_ucisd_1 =    -3.003837
r = 2.1250, ene_fci =    -2.966431, ene_noci_uhf =    -2.965679, ene_noci_ump2_1 =    -2.966371, ene_noci_ucisd_1 =    -2.966402
r = 2.1875, ene_fci =    -2.931683, ene_noci_uhf =    -2.931072, ene_noci_ump2_1 =    -2.931635, ene_noci_ucisd_1 =    -2.931660
r = 2.2500, ene_fci =    -2.899345, ene_noci_uhf =    -2.898852, ene_noci_ump2_1 =    -2.899306, ene_noci_ucisd_1 =    -2.899327
r = 2.3125, ene_fci =    -2.869163, ene_noci_uhf =    -2.868768, ene_noci_ump2_1 =    -2.869132, ene_noci_ucisd_1 =    -2.869148
r = 2.3750, ene_fci =    -2.840913, ene_noci_uhf =    -2.840600, ene_noci_ump2_1 =    -2.840890, ene_noci_ucisd_1 =    -2.840902
r = 2.4375, ene_fci =    -2.814402, ene_noci_uhf =    -2.814153, ene_noci_ump2_1 =    -2.814384, ene_noci_ucisd_1 =    -2.814393
r = 2.5000, ene_fci =    -2.789456, ene_noci_uhf =    -2.789260, ene_noci_ump2_1 =    -2.789443, ene_noci_ucisd_1 =    -2.789450
r = 2.5625, ene_fci =    -2.765928, ene_noci_uhf =    -2.765773, ene_noci_ump2_1 =    -2.765917, ene_noci_ucisd_1 =    -2.765922
r = 2.6250, ene_fci =    -2.743684, ene_noci_uhf =    -2.743562, ene_noci_ump2_1 =    -2.743676, ene_noci_ucisd_1 =    -2.743680
r = 2.6875, ene_fci =    -2.722611, ene_noci_uhf =    -2.722516, ene_noci_ump2_1 =    -2.722605, ene_noci_ucisd_1 =    -2.722608
r = 2.7500, ene_fci =    -2.702607, ene_noci_uhf =    -2.702533, ene_noci_ump2_1 =    -2.702603, ene_noci_ucisd_1 =    -2.702605
r = 2.8125, ene_fci =    -2.683584, ene_noci_uhf =    -2.683527, ene_noci_ump2_1 =    -2.683581, ene_noci_ucisd_1 =    -2.683583
r = 2.8750, ene_fci =    -2.665464, ene_noci_uhf =    -2.665419, ene_noci_ump2_1 =    -2.665461, ene_noci_ucisd_1 =    -2.665462
r = 2.9375, ene_fci =    -2.648176, ene_noci_uhf =    -2.648141, ene_noci_ump2_1 =    -2.648174, ene_noci_ucisd_1 =    -2.648175
r = 3.0000, ene_fci =    -2.631658, ene_noci_uhf =    -2.631632, ene_noci_ump2_1 =    -2.631657, ene_noci_ucisd_1 =    -2.631658


####################
m        = h4-square
basis    = sto-3g
dir_path = ./data/
h5_path  = ./data/h4-square-sto-3g.h5
r = 0.5000, ene_fci =    -6.371493, ene_noci_uhf =    -6.370497, ene_noci_ump2_1 =    -6.371468, ene_noci_ucisd_1 =    -6.368819
r = 0.5625, ene_fci =    -6.128732, ene_noci_uhf =    -6.127051, ene_noci_ump2_1 =    -6.128685, ene_noci_ucisd_1 =    -6.127057
r = 0.6250, ene_fci =    -5.895743, ene_noci_uhf =    -5.892976, ene_noci_ump2_1 =    -5.895638, ene_noci_ucisd_1 =    -5.894871
r = 0.6875, ene_fci =    -5.674931, ene_noci_uhf =    -5.670722, ene_noci_ump2_1 =    -5.674714, ene_noci_ucisd_1 =    -5.674552
r = 0.7500, ene_fci =    -5.467429, ene_noci_uhf =    -5.461501, ene_noci_ump2_1 =    -5.467037, ene_noci_ucisd_1 =    -5.467279
r = 0.8125, ene_fci =    -5.273374, ene_noci_uhf =    -5.265546, ene_noci_ump2_1 =    -5.272735, ene_noci_ucisd_1 =    -5.273270
r = 0.8750, ene_fci =    -5.097125, ene_noci_uhf =    -5.087821, ene_noci_ump2_1 =    -5.093920, ene_noci_ucisd_1 =    -5.097002
r = 0.9375, ene_fci =    -4.933155, ene_noci_uhf =    -4.925644, ene_noci_ump2_1 =    -4.930016, ene_noci_ucisd_1 =    -4.932994
r = 1.0000, ene_fci =    -4.780185, ene_noci_uhf =    -4.774351, ene_noci_ump2_1 =    -4.777176, ene_noci_ucisd_1 =    -4.780008
r = 1.0625, ene_fci =    -4.637363, ene_noci_uhf =    -4.633029, ene_noci_ump2_1 =    -4.634544, ene_noci_ucisd_1 =    -4.637187
r = 1.1250, ene_fci =    -4.503903, ene_noci_uhf =    -4.500851, ene_noci_ump2_1 =    -4.501327, ene_noci_ucisd_1 =    -4.503738
r = 1.1875, ene_fci =    -4.379095, ene_noci_uhf =    -4.377087, ene_noci_ump2_1 =    -4.376809, ene_noci_ucisd_1 =    -4.378950
r = 1.2500, ene_fci =    -4.262311, ene_noci_uhf =    -4.261100, ene_noci_ump2_1 =    -4.260348, ene_noci_ucisd_1 =    -4.262190
r = 1.3125, ene_fci =    -4.152993, ene_noci_uhf =    -4.152344, ene_noci_ump2_1 =    -4.151370, ene_noci_ucisd_1 =    -4.152898
r = 1.3750, ene_fci =    -4.050650, ene_noci_uhf =    -4.050349, ene_noci_ump2_1 =    -4.049363, ene_noci_ucisd_1 =    -4.050579
r = 1.4375, ene_fci =    -3.954842, ene_noci_uhf =    -3.954710, ene_noci_ump2_1 =    -3.953871, ene_noci_ucisd_1 =    -3.954792
r = 1.5000, ene_fci =    -3.865177, ene_noci_uhf =    -3.865077, ene_noci_ump2_1 =    -3.864485, ene_noci_ucisd_1 =    -3.865146
r = 1.5625, ene_fci =    -3.781300, ene_noci_uhf =    -3.781138, ene_noci_ump2_1 =    -3.780836, ene_noci_ucisd_1 =    -3.781281
r = 1.6250, ene_fci =    -3.702880, ene_noci_uhf =    -3.702605, ene_noci_ump2_1 =    -3.702593, ene_noci_ucisd_1 =    -3.702870
r = 1.6875, ene_fci =    -3.629610, ene_noci_uhf =    -3.629205, ene_noci_ump2_1 =    -3.629449, ene_noci_ucisd_1 =    -3.629605
r = 1.7500, ene_fci =    -3.561195, ene_noci_uhf =    -3.560672, ene_noci_ump2_1 =    -3.561115, ene_noci_ucisd_1 =    -3.561191
r = 1.8125, ene_fci =    -3.497346, ene_noci_uhf =    -3.496734, ene_noci_ump2_1 =    -3.497314, ene_noci_ucisd_1 =    -3.497342
r = 1.8750, ene_fci =    -3.437782, ene_noci_uhf =    -3.437116, ene_noci_ump2_1 =    -3.437773, ene_noci_ucisd_1 =    -3.437776
r = 1.9375, ene_fci =    -3.382222, ene_noci_uhf =    -3.381540, ene_noci_ump2_1 =    -3.382221, ene_noci_ucisd_1 =    -3.382214
r = 2.0000, ene_fci =    -3.330389, ene_noci_uhf =    -3.329722, ene_noci_ump2_1 =    -3.330387, ene_noci_ucisd_1 =    -3.330380
r = 2.0625, ene_fci =    -3.282009, ene_noci_uhf =    -3.281382, ene_noci_ump2_1 =    -3.282005, ene_noci_ucisd_1 =    -3.281999
r = 2.1250, ene_fci =    -3.236818, ene_noci_uhf =    -3.236246, ene_noci_ump2_1 =    -3.236809, ene_noci_ucisd_1 =    -3.236807
r = 2.1875, ene_fci =    -3.194557, ene_noci_uhf =    -3.194050, ene_noci_ump2_1 =    -3.194545, ene_noci_ucisd_1 =    -3.194546
r = 2.2500, ene_fci =    -3.154982, ene_noci_uhf =    -3.154542, ene_noci_ump2_1 =    -3.154969, ene_noci_ucisd_1 =    -3.154972
r = 2.3125, ene_fci =    -3.117864, ene_noci_uhf =    -3.117490, ene_noci_ump2_1 =    -3.117851, ene_noci_ucisd_1 =    -3.117855
r = 2.3750, ene_fci =    -3.082990, ene_noci_uhf =    -3.082676, ene_noci_ump2_1 =    -3.082977, ene_noci_ucisd_1 =    -3.082981
r = 2.4375, ene_fci =    -3.050163, ene_noci_uhf =    -3.049903, ene_noci_ump2_1 =    -3.050152, ene_noci_ucisd_1 =    -3.050156
r = 2.5000, ene_fci =    -3.019206, ene_noci_uhf =    -3.018993, ene_noci_ump2_1 =    -3.019196, ene_noci_ucisd_1 =    -3.019199
r = 2.5625, ene_fci =    -2.989956, ene_noci_uhf =    -2.989783, ene_noci_ump2_1 =    -2.989947, ene_noci_ucisd_1 =    -2.989951
r = 2.6250, ene_fci =    -2.962268, ene_noci_uhf =    -2.962129, ene_noci_ump2_1 =    -2.962261, ene_noci_ucisd_1 =    -2.962264
r = 2.6875, ene_fci =    -2.936012, ene_noci_uhf =    -2.935901, ene_noci_ump2_1 =    -2.936007, ene_noci_ucisd_1 =    -2.936009
r = 2.7500, ene_fci =    -2.911071, ene_noci_uhf =    -2.910983, ene_noci_ump2_1 =    -2.911067, ene_noci_ucisd_1 =    -2.911068
r = 2.8125, ene_fci =    -2.887341, ene_noci_uhf =    -2.887271, ene_noci_ump2_1 =    -2.887337, ene_noci_ucisd_1 =    -2.887338
r = 2.8750, ene_fci =    -2.864727, ene_noci_uhf =    -2.864672, ene_noci_ump2_1 =    -2.864724, ene_noci_ucisd_1 =    -2.864725
r = 2.9375, ene_fci =    -2.843145, ene_noci_uhf =    -2.843103, ene_noci_ump2_1 =    -2.843143, ene_noci_ucisd_1 =    -2.843144
r = 3.0000, ene_fci =    -2.822521, ene_noci_uhf =    -2.822488, ene_noci_ump2_1 =    -2.822520, ene_noci_ucisd_1 =    -2.822520


####################
m        = n2
basis    = sto-3g
dir_path = ./data/
h5_path  = ./data/n2-sto-3g.h5
r = 0.8000, ene_fci =  -139.178412, ene_noci_uhf =  -139.125025, ene_noci_ump2_1 =  -139.174018, ene_noci_ucisd_1 =  -139.176006
Warning: imaginary part of noci energy is large
ene_noci = -137.71258437 +0.08199353i
r = 0.8550, ene_fci =  -137.426302, ene_noci_uhf =  -137.367987, ene_noci_ump2_1 =  -137.421082, ene_noci_ucisd_1 =  -137.423278
Warning: imaginary part of noci energy is large
ene_noci = -135.94838922 +0.12252005i
r = 0.9100, ene_fci =  -135.822552, ene_noci_uhf =  -135.759410, ene_noci_ump2_1 =  -135.816510, ene_noci_ucisd_1 =  -135.818582
r = 0.9650, ene_fci =  -134.351778, ene_noci_uhf =  -134.284037, ene_noci_ump2_1 =  -134.344865, ene_noci_ucisd_1 =  -134.346865
Warning: noci reference energy is used instead of the minimum energy
   -136.786530787787 +       0.000008287304i
   -132.992500923370 +       0.000000000000i
r = 1.0200, ene_fci =  -133.000850, ene_noci_uhf =  -132.929054, ene_noci_ump2_1 =  -132.990228, ene_noci_ucisd_1 =  -132.993362
Warning: noci reference energy is used instead of the minimum energy
   -132.385941363045 +       0.000044533520i
   -131.749950798824 +       0.000000000000i
r = 1.0750, ene_fci =  -131.758310, ene_noci_uhf =  -131.682102, ene_noci_ump2_1 =  -131.745618, ene_noci_ucisd_1 =  -131.750228
r = 1.1300, ene_fci =  -130.614001, ene_noci_uhf =  -130.534099, ene_noci_ump2_1 =  -130.598695, ene_noci_ucisd_1 =  -130.606010
r = 1.1850, ene_fci =  -129.558818, ene_noci_uhf =  -129.476340, ene_noci_ump2_1 =  -129.540468, ene_noci_ucisd_1 =  -129.550602
r = 1.2400, ene_fci =  -128.584548, ene_noci_uhf =  -128.500971, ene_noci_ump2_1 =  -128.562974, ene_noci_ucisd_1 =  -128.576702
Warning: imaginary part of noci energy is large
ene_noci = -127.61877280 +0.04234250i
r = 1.2950, ene_fci =  -127.683763, ene_noci_uhf =  -127.600814, ene_noci_ump2_1 =  -127.659135, ene_noci_ucisd_1 =  -127.676522
r = 1.3500, ene_fci =  -126.849746, ene_noci_uhf =  -126.769234, ene_noci_ump2_1 =  -126.822616, ene_noci_ucisd_1 =  -126.842794
r = 1.4050, ene_fci =  -126.076437, ene_noci_uhf =  -126.000064, ene_noci_ump2_1 =  -126.047684, ene_noci_ucisd_1 =  -126.069559
Warning: noci reference energy is used instead of the minimum energy
   -125.564619758852 +       0.000000000000i
   -125.361450962625 +       0.000000000000i
r = 1.4600, ene_fci =  -125.358392, ene_noci_uhf =  -125.287572, ene_noci_ump2_1 =  -125.329088, ene_noci_ucisd_1 =  -125.351563
Warning: noci reference energy is used instead of the minimum energy
   -125.918339963889 +       0.000000000000i
   -124.706350619202 +       0.000000000000i
r = 1.5150, ene_fci =  -124.690747, ene_noci_uhf =  -124.626459, ene_noci_ump2_1 =  -124.661971, ene_noci_ucisd_1 =  -124.683915
Warning: noci reference energy is used instead of the minimum energy
   -124.161452889182 +       0.000000000000i
   -124.008325953655 +       0.000000000000i
r = 1.5700, ene_fci =  -124.069166, ene_noci_uhf =  -124.018466, ene_noci_ump2_1 =  -124.044980, ene_noci_ucisd_1 =  -124.062730
Warning: noci reference energy is used instead of the minimum energy
   -123.495763719521 +       0.170919885511i
   -123.495763719521 +      -0.170919885511i
Warning: imaginary part of noci energy is large
ene_noci = -123.49576372 -0.17091989i
r = 1.6250, ene_fci =  -123.489783, ene_noci_uhf =  -123.447636, ene_noci_ump2_1 =  -123.468817, ene_noci_ucisd_1 =  -123.483181
Warning: diagonal elements of v_dot_hv is not ene_ucisd_list
ene_err =  1.44498589e-07
Warning: diagonal elements of v_dot_hv is not ene_ucisd_list
ene_err =  1.44498589e-07
r = 1.6800, ene_fci =  -122.949118, ene_noci_uhf =  -122.915060, ene_noci_ump2_1 =  -122.931754, ene_noci_ucisd_1 =  -122.942226
r = 1.7350, ene_fci =  -122.443995, ene_noci_uhf =  -122.417164, ene_noci_ump2_1 =  -122.430208, ene_noci_ucisd_1 =  -122.436765
r = 1.7900, ene_fci =  -121.971468, ene_noci_uhf =  -121.950777, ene_noci_ump2_1 =  -121.960918, ene_noci_ucisd_1 =  -121.964175
r = 1.8450, ene_fci =  -121.528772, ene_noci_uhf =  -121.513077, ene_noci_ump2_1 =  -121.520946, ene_noci_ucisd_1 =  -121.522107
r = 1.9000, ene_fci =  -121.113315, ene_noci_uhf =  -121.101544, ene_noci_ump2_1 =  -121.107650, ene_noci_ucisd_1 =  -121.107790
r = 1.9550, ene_fci =  -120.722687, ene_noci_uhf =  -120.713912, ene_noci_ump2_1 =  -120.718657, ene_noci_ucisd_1 =  -120.718370
Warning: noci reference energy is used instead of the minimum energy
   -120.424203410422 +       0.000000000000i
   -120.352939185955 +       0.000000000000i
r = 2.0100, ene_fci =  -120.354675, ene_noci_uhf =  -120.348141, ene_noci_ump2_1 =  -120.351840, ene_noci_ucisd_1 =  -120.351394
Warning: noci reference energy is used instead of the minimum energy
   -121.272684973139 +       0.000000000000i
   -120.006070561555 +       0.000000000000i
r = 2.0650, ene_fci =  -120.007274, ene_noci_uhf =  -120.002395, ene_noci_ump2_1 =  -120.005289, ene_noci_ucisd_1 =  -120.004804
Warning: noci reference energy is used instead of the minimum energy
   -119.763738207963 +       0.000000000000i
   -119.677860747460 +       0.000000000000i
r = 2.1200, ene_fci =  -119.678686, ene_noci_uhf =  -119.675019, ene_noci_ump2_1 =  -119.677294, ene_noci_ucisd_1 =  -119.676826
r = 2.1750, ene_fci =  -119.367311, ene_noci_uhf =  -119.364532, ene_noci_ump2_1 =  -119.366330, ene_noci_ucisd_1 =  -119.365904
r = 2.2300, ene_fci =  -119.071734, ene_noci_uhf =  -119.069607, ene_noci_ump2_1 =  -119.071034, ene_noci_ucisd_1 =  -119.070661
r = 2.2850, ene_fci =  -118.790701, ene_noci_uhf =  -118.789056, ene_noci_ump2_1 =  -118.790195, ene_noci_ucisd_1 =  -118.789876
Warning: noci reference energy is used instead of the minimum energy
   -118.581924524441 +       0.000000000000i
   -118.522833045259 +       0.000000000000i
r = 2.3400, ene_fci =  -118.523102, ene_noci_uhf =  -118.521818, ene_noci_ump2_1 =  -118.522731, ene_noci_ucisd_1 =  -118.522463
r = 2.3950, ene_fci =  -118.267951, ene_noci_uhf =  -118.266939, ene_noci_ump2_1 =  -118.267673, ene_noci_ucisd_1 =  -118.267451
r = 2.4500, ene_fci =  -118.024364, ene_noci_uhf =  -118.023560, ene_noci_ump2_1 =  -118.024152, ene_noci_ucisd_1 =  -118.023971
r = 2.5050, ene_fci =  -117.791551, ene_noci_uhf =  -117.790907, ene_noci_ump2_1 =  -117.791387, ene_noci_ucisd_1 =  -117.791240
r = 2.5600, ene_fci =  -117.568795, ene_noci_uhf =  -117.568279, ene_noci_ump2_1 =  -117.568668, ene_noci_ucisd_1 =  -117.568550
r = 2.6150, ene_fci =  -117.355446, ene_noci_uhf =  -117.355036, ene_noci_ump2_1 =  -117.355351, ene_noci_ucisd_1 =  -117.355257
r = 2.6700, ene_fci =  -117.150935, ene_noci_uhf =  -117.150594, ene_noci_ump2_1 =  -117.150851, ene_noci_ucisd_1 =  -117.150776
r = 2.7250, ene_fci =  -116.954679, ene_noci_uhf =  -116.954419, ene_noci_ump2_1 =  -116.954628, ene_noci_ucisd_1 =  -116.954569
r = 2.7800, ene_fci =  -116.766152, ene_noci_uhf =  -116.766019, ene_noci_ump2_1 =  -116.766190, ene_noci_ucisd_1 =  -116.766143
r = 2.8350, ene_fci =  -116.585018, ene_noci_uhf =  -116.584941, ene_noci_ump2_1 =  -116.585081, ene_noci_ucisd_1 =  -116.585045
r = 2.8900, ene_fci =  -116.410805, ene_noci_uhf =  -116.410767, ene_noci_ump2_1 =  -116.410882, ene_noci_ucisd_1 =  -116.410854
r = 2.9450, ene_fci =  -116.243177, ene_noci_uhf =  -116.243110, ene_noci_ump2_1 =  -116.243205, ene_noci_ucisd_1 =  -116.243183
r = 3.0000, ene_fci =  -116.081703, ene_noci_uhf =  -116.081611, ene_noci_ump2_1 =  -116.081689, ene_noci_ucisd_1 =  -116.081672
